{"C:\\Users\\tgdzi\\Desktop\\Code\\TheDebtCollectorsRepository\\Frontend\\src\\components\\iconify\\iconify.jsx": {"path":"C:\\Users\\tgdzi\\Desktop\\Code\\TheDebtCollectorsRepository\\Frontend\\src\\components\\iconify\\iconify.jsx","statementMap":{"0":{"start":{"line":9,"column":16},"end":{"line":18,"column":2}},"1":{"start":{"line":10,"column":2},"end":{"line":17,"column":4}},"2":{"start":{"line":20,"column":0},"end":{"line":24,"column":2}}},"fnMap":{"0":{"name":"(anonymous_0)","decl":{"start":{"line":9,"column":27},"end":{"line":9,"column":28}},"loc":{"start":{"line":10,"column":2},"end":{"line":17,"column":4}},"line":10}},"branchMap":{"0":{"loc":{"start":{"line":9,"column":36},"end":{"line":9,"column":46}},"type":"default-arg","locations":[{"start":{"line":9,"column":44},"end":{"line":9,"column":46}}],"line":9}},"s":{"0":3,"1":24,"2":3},"f":{"0":24},"b":{"0":[24]},"_coverageSchema":"1a1c01bbd47fc00a2c39e90264f33305004495a9","hash":"edb0ab27320859eb0860d2bd21da39459c1687b0"}
,"C:\\Users\\tgdzi\\Desktop\\Code\\TheDebtCollectorsRepository\\Frontend\\src\\components\\iconify\\index.js": {"path":"C:\\Users\\tgdzi\\Desktop\\Code\\TheDebtCollectorsRepository\\Frontend\\src\\components\\iconify\\index.js","statementMap":{},"fnMap":{},"branchMap":{},"s":{},"f":{},"b":{},"_coverageSchema":"1a1c01bbd47fc00a2c39e90264f33305004495a9","hash":"c1b1aaadd19a1d46f8f1bdb7e89fac14d449e54c"}
,"C:\\Users\\tgdzi\\Desktop\\Code\\TheDebtCollectorsRepository\\Frontend\\src\\components\\label\\index.js": {"path":"C:\\Users\\tgdzi\\Desktop\\Code\\TheDebtCollectorsRepository\\Frontend\\src\\components\\label\\index.js","statementMap":{},"fnMap":{},"branchMap":{},"s":{},"f":{},"b":{},"_coverageSchema":"1a1c01bbd47fc00a2c39e90264f33305004495a9","hash":"845ba39f3732f6083d2949354f82b8fd2b5412f9"}
,"C:\\Users\\tgdzi\\Desktop\\Code\\TheDebtCollectorsRepository\\Frontend\\src\\components\\label\\label.jsx": {"path":"C:\\Users\\tgdzi\\Desktop\\Code\\TheDebtCollectorsRepository\\Frontend\\src\\components\\label\\label.jsx","statementMap":{"0":{"start":{"line":11,"column":14},"end":{"line":42,"column":1}},"1":{"start":{"line":13,"column":18},"end":{"line":13,"column":28}},"2":{"start":{"line":15,"column":23},"end":{"line":19,"column":5}},"3":{"start":{"line":21,"column":4},"end":{"line":40,"column":6}},"4":{"start":{"line":44,"column":0},"end":{"line":59,"column":2}}},"fnMap":{"0":{"name":"(anonymous_0)","decl":{"start":{"line":12,"column":2},"end":{"line":12,"column":3}},"loc":{"start":{"line":12,"column":96},"end":{"line":41,"column":3}},"line":12}},"branchMap":{"0":{"loc":{"start":{"line":12,"column":15},"end":{"line":12,"column":32}},"type":"default-arg","locations":[{"start":{"line":12,"column":23},"end":{"line":12,"column":32}}],"line":12},"1":{"loc":{"start":{"line":12,"column":34},"end":{"line":12,"column":50}},"type":"default-arg","locations":[{"start":{"line":12,"column":44},"end":{"line":12,"column":50}}],"line":12},"2":{"loc":{"start":{"line":27,"column":14},"end":{"line":27,"column":39}},"type":"binary-expr","locations":[{"start":{"line":27,"column":14},"end":{"line":27,"column":23}},{"start":{"line":27,"column":27},"end":{"line":27,"column":39}}],"line":27},"3":{"loc":{"start":{"line":28,"column":14},"end":{"line":28,"column":37}},"type":"binary-expr","locations":[{"start":{"line":28,"column":14},"end":{"line":28,"column":21}},{"start":{"line":28,"column":25},"end":{"line":28,"column":37}}],"line":28},"4":{"loc":{"start":{"line":34,"column":9},"end":{"line":34,"column":79}},"type":"binary-expr","locations":[{"start":{"line":34,"column":9},"end":{"line":34,"column":18}},{"start":{"line":34,"column":22},"end":{"line":34,"column":79}}],"line":34},"5":{"loc":{"start":{"line":38,"column":9},"end":{"line":38,"column":75}},"type":"binary-expr","locations":[{"start":{"line":38,"column":9},"end":{"line":38,"column":16}},{"start":{"line":38,"column":20},"end":{"line":38,"column":75}}],"line":38}},"s":{"0":2,"1":2,"2":2,"3":2,"4":2},"f":{"0":2},"b":{"0":[0],"1":[2],"2":[2,0],"3":[2,0],"4":[2,0],"5":[2,0]},"_coverageSchema":"1a1c01bbd47fc00a2c39e90264f33305004495a9","hash":"2a538c4a2a28f9cd50ba1a1130302b869cc06f43"}
,"C:\\Users\\tgdzi\\Desktop\\Code\\TheDebtCollectorsRepository\\Frontend\\src\\components\\label\\styles.js": {"path":"C:\\Users\\tgdzi\\Desktop\\Code\\TheDebtCollectorsRepository\\Frontend\\src\\components\\label\\styles.js","statementMap":{"0":{"start":{"line":6,"column":27},"end":{"line":77,"column":2}},"1":{"start":{"line":7,"column":20},"end":{"line":7,"column":50}},"2":{"start":{"line":9,"column":24},"end":{"line":9,"column":55}},"3":{"start":{"line":11,"column":26},"end":{"line":11,"column":59}},"4":{"start":{"line":13,"column":22},"end":{"line":13,"column":51}},"5":{"start":{"line":15,"column":23},"end":{"line":34,"column":3}},"6":{"start":{"line":36,"column":21},"end":{"line":55,"column":3}},"7":{"start":{"line":57,"column":2},"end":{"line":76,"column":4}}},"fnMap":{"0":{"name":"(anonymous_0)","decl":{"start":{"line":6,"column":39},"end":{"line":6,"column":40}},"loc":{"start":{"line":6,"column":66},"end":{"line":77,"column":1}},"line":6}},"branchMap":{"0":{"loc":{"start":{"line":16,"column":8},"end":{"line":33,"column":5}},"type":"binary-expr","locations":[{"start":{"line":16,"column":8},"end":{"line":16,"column":38}},{"start":{"line":16,"column":42},"end":{"line":33,"column":5}}],"line":16},"1":{"loc":{"start":{"line":18,"column":10},"end":{"line":21,"column":7}},"type":"binary-expr","locations":[{"start":{"line":18,"column":10},"end":{"line":18,"column":23}},{"start":{"line":18,"column":27},"end":{"line":21,"column":7}}],"line":18},"2":{"loc":{"start":{"line":19,"column":15},"end":{"line":19,"column":79}},"type":"cond-expr","locations":[{"start":{"line":19,"column":27},"end":{"line":19,"column":53}},{"start":{"line":19,"column":56},"end":{"line":19,"column":79}}],"line":19},"3":{"loc":{"start":{"line":23,"column":10},"end":{"line":27,"column":7}},"type":"binary-expr","locations":[{"start":{"line":23,"column":10},"end":{"line":23,"column":25}},{"start":{"line":23,"column":29},"end":{"line":27,"column":7}}],"line":23},"4":{"loc":{"start":{"line":29,"column":10},"end":{"line":32,"column":7}},"type":"binary-expr","locations":[{"start":{"line":29,"column":10},"end":{"line":29,"column":21}},{"start":{"line":29,"column":25},"end":{"line":32,"column":7}}],"line":29},"5":{"loc":{"start":{"line":37,"column":8},"end":{"line":54,"column":5}},"type":"binary-expr","locations":[{"start":{"line":37,"column":8},"end":{"line":37,"column":38}},{"start":{"line":37,"column":42},"end":{"line":54,"column":5}}],"line":37},"6":{"loc":{"start":{"line":39,"column":10},"end":{"line":42,"column":7}},"type":"binary-expr","locations":[{"start":{"line":39,"column":10},"end":{"line":39,"column":23}},{"start":{"line":39,"column":27},"end":{"line":42,"column":7}}],"line":39},"7":{"loc":{"start":{"line":44,"column":10},"end":{"line":48,"column":7}},"type":"binary-expr","locations":[{"start":{"line":44,"column":10},"end":{"line":44,"column":25}},{"start":{"line":44,"column":29},"end":{"line":48,"column":7}}],"line":44},"8":{"loc":{"start":{"line":50,"column":10},"end":{"line":53,"column":7}},"type":"binary-expr","locations":[{"start":{"line":50,"column":10},"end":{"line":50,"column":21}},{"start":{"line":50,"column":25},"end":{"line":53,"column":7}}],"line":50},"9":{"loc":{"start":{"line":51,"column":47},"end":{"line":51,"column":75}},"type":"cond-expr","locations":[{"start":{"line":51,"column":59},"end":{"line":51,"column":65}},{"start":{"line":51,"column":68},"end":{"line":51,"column":75}}],"line":51}},"s":{"0":2,"1":2,"2":2,"3":2,"4":2,"5":2,"6":2,"7":2},"f":{"0":2},"b":{"0":[2,0],"1":[0,0],"2":[0,0],"3":[0,0],"4":[0,0],"5":[2,2],"6":[2,0],"7":[2,0],"8":[2,2],"9":[2,0]},"_coverageSchema":"1a1c01bbd47fc00a2c39e90264f33305004495a9","hash":"878d27552f144f3d300b0fadd285b137479dd605"}
,"C:\\Users\\tgdzi\\Desktop\\Code\\TheDebtCollectorsRepository\\Frontend\\src\\routes\\hooks\\index.js": {"path":"C:\\Users\\tgdzi\\Desktop\\Code\\TheDebtCollectorsRepository\\Frontend\\src\\routes\\hooks\\index.js","statementMap":{},"fnMap":{},"branchMap":{},"s":{},"f":{},"b":{},"_coverageSchema":"1a1c01bbd47fc00a2c39e90264f33305004495a9","hash":"7ace422d847a3a6043bda9a7a2ad839b6e883202"}
,"C:\\Users\\tgdzi\\Desktop\\Code\\TheDebtCollectorsRepository\\Frontend\\src\\routes\\hooks\\use-pathname.js": {"path":"C:\\Users\\tgdzi\\Desktop\\Code\\TheDebtCollectorsRepository\\Frontend\\src\\routes\\hooks\\use-pathname.js","statementMap":{"0":{"start":{"line":7,"column":23},"end":{"line":7,"column":36}},"1":{"start":{"line":9,"column":2},"end":{"line":9,"column":45}},"2":{"start":{"line":9,"column":23},"end":{"line":9,"column":31}}},"fnMap":{"0":{"name":"usePathname","decl":{"start":{"line":6,"column":16},"end":{"line":6,"column":27}},"loc":{"start":{"line":6,"column":30},"end":{"line":10,"column":1}},"line":6},"1":{"name":"(anonymous_1)","decl":{"start":{"line":9,"column":17},"end":{"line":9,"column":18}},"loc":{"start":{"line":9,"column":23},"end":{"line":9,"column":31}},"line":9}},"branchMap":{},"s":{"0":7,"1":6,"2":5},"f":{"0":7,"1":5},"b":{},"_coverageSchema":"1a1c01bbd47fc00a2c39e90264f33305004495a9","hash":"367ede565f1c08385f537ed4971aadd6153b7816"}
,"C:\\Users\\tgdzi\\Desktop\\Code\\TheDebtCollectorsRepository\\Frontend\\src\\routes\\hooks\\use-router.js": {"path":"C:\\Users\\tgdzi\\Desktop\\Code\\TheDebtCollectorsRepository\\Frontend\\src\\routes\\hooks\\use-router.js","statementMap":{"0":{"start":{"line":7,"column":19},"end":{"line":7,"column":32}},"1":{"start":{"line":9,"column":17},"end":{"line":18,"column":3}},"2":{"start":{"line":10,"column":11},"end":{"line":16,"column":5}},"3":{"start":{"line":11,"column":18},"end":{"line":11,"column":30}},"4":{"start":{"line":12,"column":21},"end":{"line":12,"column":32}},"5":{"start":{"line":13,"column":20},"end":{"line":13,"column":44}},"6":{"start":{"line":14,"column":22},"end":{"line":14,"column":36}},"7":{"start":{"line":15,"column":25},"end":{"line":15,"column":39}},"8":{"start":{"line":20,"column":2},"end":{"line":20,"column":16}}},"fnMap":{"0":{"name":"useRouter","decl":{"start":{"line":6,"column":16},"end":{"line":6,"column":25}},"loc":{"start":{"line":6,"column":28},"end":{"line":21,"column":1}},"line":6},"1":{"name":"(anonymous_1)","decl":{"start":{"line":10,"column":4},"end":{"line":10,"column":5}},"loc":{"start":{"line":10,"column":11},"end":{"line":16,"column":5}},"line":10},"2":{"name":"(anonymous_2)","decl":{"start":{"line":11,"column":12},"end":{"line":11,"column":13}},"loc":{"start":{"line":11,"column":18},"end":{"line":11,"column":30}},"line":11},"3":{"name":"(anonymous_3)","decl":{"start":{"line":12,"column":15},"end":{"line":12,"column":16}},"loc":{"start":{"line":12,"column":21},"end":{"line":12,"column":32}},"line":12},"4":{"name":"(anonymous_4)","decl":{"start":{"line":13,"column":14},"end":{"line":13,"column":15}},"loc":{"start":{"line":13,"column":20},"end":{"line":13,"column":44}},"line":13},"5":{"name":"(anonymous_5)","decl":{"start":{"line":14,"column":12},"end":{"line":14,"column":13}},"loc":{"start":{"line":14,"column":22},"end":{"line":14,"column":36}},"line":14},"6":{"name":"(anonymous_6)","decl":{"start":{"line":15,"column":15},"end":{"line":15,"column":16}},"loc":{"start":{"line":15,"column":25},"end":{"line":15,"column":39}},"line":15}},"branchMap":{},"s":{"0":2,"1":2,"2":2,"3":0,"4":0,"5":0,"6":0,"7":0,"8":2},"f":{"0":2,"1":2,"2":0,"3":0,"4":0,"5":0,"6":0},"b":{},"_coverageSchema":"1a1c01bbd47fc00a2c39e90264f33305004495a9","hash":"f2d5284b32d180bc461a420d9029be96ef029231"}
,"C:\\Users\\tgdzi\\Desktop\\Code\\TheDebtCollectorsRepository\\Frontend\\src\\sections\\announcements\\hooks\\utils.js": {"path":"C:\\Users\\tgdzi\\Desktop\\Code\\TheDebtCollectorsRepository\\Frontend\\src\\sections\\announcements\\hooks\\utils.js","statementMap":{"0":{"start":{"line":1,"column":30},"end":{"line":11,"column":1}},"1":{"start":{"line":14,"column":2},"end":{"line":14,"column":72}},"2":{"start":{"line":18,"column":2},"end":{"line":20,"column":3}},"3":{"start":{"line":19,"column":4},"end":{"line":19,"column":13}},"4":{"start":{"line":21,"column":2},"end":{"line":23,"column":3}},"5":{"start":{"line":22,"column":4},"end":{"line":22,"column":14}},"6":{"start":{"line":24,"column":2},"end":{"line":26,"column":3}},"7":{"start":{"line":25,"column":4},"end":{"line":25,"column":14}},"8":{"start":{"line":27,"column":2},"end":{"line":29,"column":3}},"9":{"start":{"line":28,"column":4},"end":{"line":28,"column":13}},"10":{"start":{"line":30,"column":2},"end":{"line":30,"column":11}},"11":{"start":{"line":33,"column":2},"end":{"line":35,"column":53}},"12":{"start":{"line":34,"column":16},"end":{"line":34,"column":51}},"13":{"start":{"line":35,"column":16},"end":{"line":35,"column":52}},"14":{"start":{"line":39,"column":25},"end":{"line":39,"column":66}},"15":{"start":{"line":39,"column":54},"end":{"line":39,"column":65}},"16":{"start":{"line":41,"column":2},"end":{"line":45,"column":5}},"17":{"start":{"line":42,"column":18},"end":{"line":42,"column":40}},"18":{"start":{"line":43,"column":4},"end":{"line":43,"column":34}},"19":{"start":{"line":43,"column":21},"end":{"line":43,"column":34}},"20":{"start":{"line":44,"column":4},"end":{"line":44,"column":23}},"21":{"start":{"line":47,"column":2},"end":{"line":47,"column":48}},"22":{"start":{"line":47,"column":41},"end":{"line":47,"column":46}},"23":{"start":{"line":49,"column":2},"end":{"line":53,"column":3}},"24":{"start":{"line":50,"column":4},"end":{"line":52,"column":6}},"25":{"start":{"line":51,"column":16},"end":{"line":51,"column":80}},"26":{"start":{"line":55,"column":2},"end":{"line":55,"column":19}}},"fnMap":{"0":{"name":"emptyRows","decl":{"start":{"line":13,"column":16},"end":{"line":13,"column":25}},"loc":{"start":{"line":13,"column":58},"end":{"line":15,"column":1}},"line":13},"1":{"name":"descendingComparator","decl":{"start":{"line":17,"column":9},"end":{"line":17,"column":29}},"loc":{"start":{"line":17,"column":45},"end":{"line":31,"column":1}},"line":17},"2":{"name":"getComparator","decl":{"start":{"line":32,"column":16},"end":{"line":32,"column":29}},"loc":{"start":{"line":32,"column":46},"end":{"line":36,"column":1}},"line":32},"3":{"name":"(anonymous_3)","decl":{"start":{"line":34,"column":6},"end":{"line":34,"column":7}},"loc":{"start":{"line":34,"column":16},"end":{"line":34,"column":51}},"line":34},"4":{"name":"(anonymous_4)","decl":{"start":{"line":35,"column":6},"end":{"line":35,"column":7}},"loc":{"start":{"line":35,"column":16},"end":{"line":35,"column":52}},"line":35},"5":{"name":"applyFilter","decl":{"start":{"line":38,"column":16},"end":{"line":38,"column":27}},"loc":{"start":{"line":38,"column":67},"end":{"line":56,"column":1}},"line":38},"6":{"name":"(anonymous_6)","decl":{"start":{"line":39,"column":39},"end":{"line":39,"column":40}},"loc":{"start":{"line":39,"column":54},"end":{"line":39,"column":65}},"line":39},"7":{"name":"(anonymous_7)","decl":{"start":{"line":41,"column":22},"end":{"line":41,"column":23}},"loc":{"start":{"line":41,"column":32},"end":{"line":45,"column":3}},"line":41},"8":{"name":"(anonymous_8)","decl":{"start":{"line":47,"column":33},"end":{"line":47,"column":34}},"loc":{"start":{"line":47,"column":41},"end":{"line":47,"column":46}},"line":47},"9":{"name":"(anonymous_9)","decl":{"start":{"line":51,"column":6},"end":{"line":51,"column":7}},"loc":{"start":{"line":51,"column":16},"end":{"line":51,"column":80}},"line":51}},"branchMap":{"0":{"loc":{"start":{"line":14,"column":9},"end":{"line":14,"column":71}},"type":"cond-expr","locations":[{"start":{"line":14,"column":16},"end":{"line":14,"column":67}},{"start":{"line":14,"column":70},"end":{"line":14,"column":71}}],"line":14},"1":{"loc":{"start":{"line":18,"column":2},"end":{"line":20,"column":3}},"type":"if","locations":[{"start":{"line":18,"column":2},"end":{"line":20,"column":3}},{"start":{},"end":{}}],"line":18},"2":{"loc":{"start":{"line":21,"column":2},"end":{"line":23,"column":3}},"type":"if","locations":[{"start":{"line":21,"column":2},"end":{"line":23,"column":3}},{"start":{},"end":{}}],"line":21},"3":{"loc":{"start":{"line":24,"column":2},"end":{"line":26,"column":3}},"type":"if","locations":[{"start":{"line":24,"column":2},"end":{"line":26,"column":3}},{"start":{},"end":{}}],"line":24},"4":{"loc":{"start":{"line":27,"column":2},"end":{"line":29,"column":3}},"type":"if","locations":[{"start":{"line":27,"column":2},"end":{"line":29,"column":3}},{"start":{},"end":{}}],"line":27},"5":{"loc":{"start":{"line":33,"column":9},"end":{"line":35,"column":52}},"type":"cond-expr","locations":[{"start":{"line":34,"column":6},"end":{"line":34,"column":51}},{"start":{"line":35,"column":6},"end":{"line":35,"column":52}}],"line":33},"6":{"loc":{"start":{"line":43,"column":4},"end":{"line":43,"column":34}},"type":"if","locations":[{"start":{"line":43,"column":4},"end":{"line":43,"column":34}},{"start":{},"end":{}}],"line":43},"7":{"loc":{"start":{"line":49,"column":2},"end":{"line":53,"column":3}},"type":"if","locations":[{"start":{"line":49,"column":2},"end":{"line":53,"column":3}},{"start":{},"end":{}}],"line":49}},"s":{"0":1,"1":3,"2":0,"3":0,"4":0,"5":0,"6":0,"7":0,"8":0,"9":0,"10":0,"11":0,"12":0,"13":0,"14":0,"15":0,"16":0,"17":0,"18":0,"19":0,"20":0,"21":0,"22":0,"23":0,"24":0,"25":0,"26":0},"f":{"0":3,"1":0,"2":0,"3":0,"4":0,"5":0,"6":0,"7":0,"8":0,"9":0},"b":{"0":[0,3],"1":[0,0],"2":[0,0],"3":[0,0],"4":[0,0],"5":[0,0],"6":[0,0],"7":[0,0]},"_coverageSchema":"1a1c01bbd47fc00a2c39e90264f33305004495a9","hash":"5485bc954fe7052444ab20b90ccfd74389ff0af1"}
,"C:\\Users\\tgdzi\\Desktop\\Code\\TheDebtCollectorsRepository\\Frontend\\src\\sections\\announcements\\view\\announcements-view.jsx": {"path":"C:\\Users\\tgdzi\\Desktop\\Code\\TheDebtCollectorsRepository\\Frontend\\src\\sections\\announcements\\view\\announcements-view.jsx","statementMap":{"0":{"start":{"line":36,"column":19},"end":{"line":36,"column":32}},"1":{"start":{"line":37,"column":15},"end":{"line":37,"column":37}},"2":{"start":{"line":38,"column":17},"end":{"line":38,"column":39}},"3":{"start":{"line":40,"column":26},"end":{"line":40,"column":37}},"4":{"start":{"line":41,"column":40},"end":{"line":41,"column":51}},"5":{"start":{"line":43,"column":32},"end":{"line":43,"column":46}},"6":{"start":{"line":44,"column":44},"end":{"line":44,"column":56}},"7":{"start":{"line":45,"column":31},"end":{"line":45,"column":43}},"8":{"start":{"line":46,"column":28},"end":{"line":46,"column":43}},"9":{"start":{"line":48,"column":30},"end":{"line":48,"column":44}},"10":{"start":{"line":50,"column":2},"end":{"line":66,"column":29}},"11":{"start":{"line":51,"column":22},"end":{"line":61,"column":5}},"12":{"start":{"line":52,"column":6},"end":{"line":60,"column":7}},"13":{"start":{"line":53,"column":8},"end":{"line":53,"column":25}},"14":{"start":{"line":54,"column":8},"end":{"line":56,"column":11}},"15":{"start":{"line":55,"column":10},"end":{"line":55,"column":33}},"16":{"start":{"line":57,"column":8},"end":{"line":57,"column":26}},"17":{"start":{"line":59,"column":8},"end":{"line":59,"column":32}},"18":{"start":{"line":62,"column":4},"end":{"line":65,"column":5}},"19":{"start":{"line":63,"column":6},"end":{"line":63,"column":18}},"20":{"start":{"line":64,"column":6},"end":{"line":64,"column":23}},"21":{"start":{"line":69,"column":40},"end":{"line":69,"column":52}},"22":{"start":{"line":70,"column":28},"end":{"line":70,"column":40}},"23":{"start":{"line":72,"column":26},"end":{"line":74,"column":3}},"24":{"start":{"line":73,"column":4},"end":{"line":73,"column":19}},"25":{"start":{"line":76,"column":27},"end":{"line":78,"column":3}},"26":{"start":{"line":77,"column":4},"end":{"line":77,"column":20}},"27":{"start":{"line":80,"column":23},"end":{"line":90,"column":3}},"28":{"start":{"line":81,"column":4},"end":{"line":88,"column":7}},"29":{"start":{"line":82,"column":6},"end":{"line":87,"column":7}},"30":{"start":{"line":83,"column":8},"end":{"line":83,"column":27}},"31":{"start":{"line":84,"column":8},"end":{"line":84,"column":21}},"32":{"start":{"line":85,"column":8},"end":{"line":85,"column":24}},"33":{"start":{"line":86,"column":8},"end":{"line":86,"column":24}},"34":{"start":{"line":89,"column":4},"end":{"line":89,"column":23}},"35":{"start":{"line":93,"column":4},"end":{"line":152,"column":13}},"36":{"start":{"line":118,"column":16},"end":{"line":118,"column":41}},"37":{"start":{"line":139,"column":16},"end":{"line":139,"column":47}},"38":{"start":{"line":156,"column":22},"end":{"line":160,"column":3}},"39":{"start":{"line":162,"column":22},"end":{"line":171,"column":3}},"40":{"start":{"line":163,"column":4},"end":{"line":170,"column":6}},"41":{"start":{"line":173,"column":27},"end":{"line":175,"column":3}},"42":{"start":{"line":174,"column":4},"end":{"line":174,"column":21}},"43":{"start":{"line":177,"column":34},"end":{"line":180,"column":3}},"44":{"start":{"line":178,"column":4},"end":{"line":178,"column":15}},"45":{"start":{"line":179,"column":4},"end":{"line":179,"column":53}},"46":{"start":{"line":182,"column":26},"end":{"line":184,"column":3}},"47":{"start":{"line":183,"column":4},"end":{"line":183,"column":20}},"48":{"start":{"line":186,"column":2},"end":{"line":254,"column":4}},"49":{"start":{"line":229,"column":34},"end":{"line":229,"column":50}}},"fnMap":{"0":{"name":"AnnouncementsView","decl":{"start":{"line":35,"column":24},"end":{"line":35,"column":41}},"loc":{"start":{"line":35,"column":44},"end":{"line":255,"column":1}},"line":35},"1":{"name":"(anonymous_1)","decl":{"start":{"line":50,"column":12},"end":{"line":50,"column":13}},"loc":{"start":{"line":50,"column":18},"end":{"line":66,"column":3}},"line":50},"2":{"name":"(anonymous_2)","decl":{"start":{"line":51,"column":22},"end":{"line":51,"column":23}},"loc":{"start":{"line":51,"column":34},"end":{"line":61,"column":5}},"line":51},"3":{"name":"(anonymous_3)","decl":{"start":{"line":54,"column":50},"end":{"line":54,"column":51}},"loc":{"start":{"line":54,"column":60},"end":{"line":56,"column":9}},"line":54},"4":{"name":"(anonymous_4)","decl":{"start":{"line":72,"column":26},"end":{"line":72,"column":27}},"loc":{"start":{"line":72,"column":32},"end":{"line":74,"column":3}},"line":72},"5":{"name":"(anonymous_5)","decl":{"start":{"line":76,"column":27},"end":{"line":76,"column":28}},"loc":{"start":{"line":76,"column":33},"end":{"line":78,"column":3}},"line":76},"6":{"name":"(anonymous_6)","decl":{"start":{"line":80,"column":23},"end":{"line":80,"column":24}},"loc":{"start":{"line":80,"column":35},"end":{"line":90,"column":3}},"line":80},"7":{"name":"(anonymous_7)","decl":{"start":{"line":81,"column":57},"end":{"line":81,"column":58}},"loc":{"start":{"line":81,"column":67},"end":{"line":88,"column":5}},"line":81},"8":{"name":"(anonymous_8)","decl":{"start":{"line":117,"column":24},"end":{"line":117,"column":25}},"loc":{"start":{"line":117,"column":31},"end":{"line":119,"column":15}},"line":117},"9":{"name":"(anonymous_9)","decl":{"start":{"line":138,"column":24},"end":{"line":138,"column":25}},"loc":{"start":{"line":138,"column":31},"end":{"line":140,"column":15}},"line":138},"10":{"name":"(anonymous_10)","decl":{"start":{"line":162,"column":22},"end":{"line":162,"column":23}},"loc":{"start":{"line":163,"column":4},"end":{"line":170,"column":6}},"line":163},"11":{"name":"(anonymous_11)","decl":{"start":{"line":173,"column":27},"end":{"line":173,"column":28}},"loc":{"start":{"line":173,"column":47},"end":{"line":175,"column":3}},"line":173},"12":{"name":"(anonymous_12)","decl":{"start":{"line":177,"column":34},"end":{"line":177,"column":35}},"loc":{"start":{"line":177,"column":45},"end":{"line":180,"column":3}},"line":177},"13":{"name":"(anonymous_13)","decl":{"start":{"line":182,"column":26},"end":{"line":182,"column":27}},"loc":{"start":{"line":182,"column":32},"end":{"line":184,"column":3}},"line":182},"14":{"name":"(anonymous_14)","decl":{"start":{"line":229,"column":25},"end":{"line":229,"column":26}},"loc":{"start":{"line":229,"column":34},"end":{"line":229,"column":50}},"line":229}},"branchMap":{"0":{"loc":{"start":{"line":62,"column":4},"end":{"line":65,"column":5}},"type":"if","locations":[{"start":{"line":62,"column":4},"end":{"line":65,"column":5}},{"start":{},"end":{}}],"line":62},"1":{"loc":{"start":{"line":82,"column":6},"end":{"line":87,"column":7}},"type":"if","locations":[{"start":{"line":82,"column":6},"end":{"line":87,"column":7}},{"start":{},"end":{}}],"line":82},"2":{"loc":{"start":{"line":190,"column":9},"end":{"line":201,"column":9}},"type":"cond-expr","locations":[{"start":{"line":191,"column":10},"end":{"line":191,"column":17}},{"start":{"line":193,"column":10},"end":{"line":200,"column":19}}],"line":190},"3":{"loc":{"start":{"line":209,"column":15},"end":{"line":236,"column":15}},"type":"cond-expr","locations":[{"start":{"line":210,"column":16},"end":{"line":224,"column":24}},{"start":{"line":226,"column":16},"end":{"line":235,"column":28}}],"line":209},"4":{"loc":{"start":{"line":211,"column":19},"end":{"line":223,"column":19}},"type":"cond-expr","locations":[{"start":{"line":212,"column":20},"end":{"line":220,"column":28}},{"start":{"line":222,"column":20},"end":{"line":222,"column":56}}],"line":211}},"s":{"0":14,"1":14,"2":14,"3":14,"4":13,"5":13,"6":13,"7":13,"8":13,"9":13,"10":13,"11":8,"12":4,"13":4,"14":4,"15":3,"16":3,"17":1,"18":8,"19":4,"20":4,"21":13,"22":13,"23":13,"24":1,"25":13,"26":1,"27":13,"28":1,"29":1,"30":1,"31":1,"32":1,"33":1,"34":1,"35":13,"36":2,"37":0,"38":13,"39":13,"40":6,"41":13,"42":0,"43":13,"44":0,"45":0,"46":13,"47":0,"48":13,"49":6},"f":{"0":14,"1":8,"2":4,"3":3,"4":1,"5":1,"6":1,"7":1,"8":2,"9":0,"10":6,"11":0,"12":0,"13":0,"14":6},"b":{"0":[4,4],"1":[1,0],"2":[0,13],"3":[10,3],"4":[1,9]},"_coverageSchema":"1a1c01bbd47fc00a2c39e90264f33305004495a9","hash":"efa947e64491f02f54f2d6cbce54003a4defe4a2"}
,"C:\\Users\\tgdzi\\Desktop\\Code\\TheDebtCollectorsRepository\\Frontend\\src\\sections\\announcements\\view\\index.js": {"path":"C:\\Users\\tgdzi\\Desktop\\Code\\TheDebtCollectorsRepository\\Frontend\\src\\sections\\announcements\\view\\index.js","statementMap":{},"fnMap":{},"branchMap":{},"s":{},"f":{},"b":{},"_coverageSchema":"1a1c01bbd47fc00a2c39e90264f33305004495a9","hash":"6463755dd451b9e77af56b004f7966a51f6176e1"}
,"C:\\Users\\tgdzi\\Desktop\\Code\\TheDebtCollectorsRepository\\Frontend\\src\\sections\\expenses\\hooks\\utils.js": {"path":"C:\\Users\\tgdzi\\Desktop\\Code\\TheDebtCollectorsRepository\\Frontend\\src\\sections\\expenses\\hooks\\utils.js","statementMap":{"0":{"start":{"line":1,"column":30},"end":{"line":11,"column":1}},"1":{"start":{"line":14,"column":2},"end":{"line":14,"column":72}},"2":{"start":{"line":18,"column":2},"end":{"line":20,"column":3}},"3":{"start":{"line":19,"column":4},"end":{"line":19,"column":13}},"4":{"start":{"line":21,"column":2},"end":{"line":23,"column":3}},"5":{"start":{"line":22,"column":4},"end":{"line":22,"column":14}},"6":{"start":{"line":24,"column":2},"end":{"line":26,"column":3}},"7":{"start":{"line":25,"column":4},"end":{"line":25,"column":14}},"8":{"start":{"line":27,"column":2},"end":{"line":29,"column":3}},"9":{"start":{"line":28,"column":4},"end":{"line":28,"column":13}},"10":{"start":{"line":30,"column":2},"end":{"line":30,"column":11}},"11":{"start":{"line":33,"column":2},"end":{"line":35,"column":53}},"12":{"start":{"line":34,"column":16},"end":{"line":34,"column":51}},"13":{"start":{"line":35,"column":16},"end":{"line":35,"column":52}},"14":{"start":{"line":39,"column":25},"end":{"line":39,"column":66}},"15":{"start":{"line":39,"column":54},"end":{"line":39,"column":65}},"16":{"start":{"line":41,"column":2},"end":{"line":45,"column":5}},"17":{"start":{"line":42,"column":18},"end":{"line":42,"column":40}},"18":{"start":{"line":43,"column":4},"end":{"line":43,"column":34}},"19":{"start":{"line":43,"column":21},"end":{"line":43,"column":34}},"20":{"start":{"line":44,"column":4},"end":{"line":44,"column":23}},"21":{"start":{"line":47,"column":2},"end":{"line":47,"column":48}},"22":{"start":{"line":47,"column":41},"end":{"line":47,"column":46}},"23":{"start":{"line":49,"column":2},"end":{"line":53,"column":3}},"24":{"start":{"line":50,"column":4},"end":{"line":52,"column":6}},"25":{"start":{"line":51,"column":16},"end":{"line":51,"column":80}},"26":{"start":{"line":55,"column":2},"end":{"line":55,"column":19}}},"fnMap":{"0":{"name":"emptyRows","decl":{"start":{"line":13,"column":16},"end":{"line":13,"column":25}},"loc":{"start":{"line":13,"column":58},"end":{"line":15,"column":1}},"line":13},"1":{"name":"descendingComparator","decl":{"start":{"line":17,"column":9},"end":{"line":17,"column":29}},"loc":{"start":{"line":17,"column":45},"end":{"line":31,"column":1}},"line":17},"2":{"name":"getComparator","decl":{"start":{"line":32,"column":16},"end":{"line":32,"column":29}},"loc":{"start":{"line":32,"column":46},"end":{"line":36,"column":1}},"line":32},"3":{"name":"(anonymous_3)","decl":{"start":{"line":34,"column":6},"end":{"line":34,"column":7}},"loc":{"start":{"line":34,"column":16},"end":{"line":34,"column":51}},"line":34},"4":{"name":"(anonymous_4)","decl":{"start":{"line":35,"column":6},"end":{"line":35,"column":7}},"loc":{"start":{"line":35,"column":16},"end":{"line":35,"column":52}},"line":35},"5":{"name":"applyFilter","decl":{"start":{"line":38,"column":16},"end":{"line":38,"column":27}},"loc":{"start":{"line":38,"column":67},"end":{"line":56,"column":1}},"line":38},"6":{"name":"(anonymous_6)","decl":{"start":{"line":39,"column":39},"end":{"line":39,"column":40}},"loc":{"start":{"line":39,"column":54},"end":{"line":39,"column":65}},"line":39},"7":{"name":"(anonymous_7)","decl":{"start":{"line":41,"column":22},"end":{"line":41,"column":23}},"loc":{"start":{"line":41,"column":32},"end":{"line":45,"column":3}},"line":41},"8":{"name":"(anonymous_8)","decl":{"start":{"line":47,"column":33},"end":{"line":47,"column":34}},"loc":{"start":{"line":47,"column":41},"end":{"line":47,"column":46}},"line":47},"9":{"name":"(anonymous_9)","decl":{"start":{"line":51,"column":6},"end":{"line":51,"column":7}},"loc":{"start":{"line":51,"column":16},"end":{"line":51,"column":80}},"line":51}},"branchMap":{"0":{"loc":{"start":{"line":14,"column":9},"end":{"line":14,"column":71}},"type":"cond-expr","locations":[{"start":{"line":14,"column":16},"end":{"line":14,"column":67}},{"start":{"line":14,"column":70},"end":{"line":14,"column":71}}],"line":14},"1":{"loc":{"start":{"line":18,"column":2},"end":{"line":20,"column":3}},"type":"if","locations":[{"start":{"line":18,"column":2},"end":{"line":20,"column":3}},{"start":{},"end":{}}],"line":18},"2":{"loc":{"start":{"line":21,"column":2},"end":{"line":23,"column":3}},"type":"if","locations":[{"start":{"line":21,"column":2},"end":{"line":23,"column":3}},{"start":{},"end":{}}],"line":21},"3":{"loc":{"start":{"line":24,"column":2},"end":{"line":26,"column":3}},"type":"if","locations":[{"start":{"line":24,"column":2},"end":{"line":26,"column":3}},{"start":{},"end":{}}],"line":24},"4":{"loc":{"start":{"line":27,"column":2},"end":{"line":29,"column":3}},"type":"if","locations":[{"start":{"line":27,"column":2},"end":{"line":29,"column":3}},{"start":{},"end":{}}],"line":27},"5":{"loc":{"start":{"line":33,"column":9},"end":{"line":35,"column":52}},"type":"cond-expr","locations":[{"start":{"line":34,"column":6},"end":{"line":34,"column":51}},{"start":{"line":35,"column":6},"end":{"line":35,"column":52}}],"line":33},"6":{"loc":{"start":{"line":43,"column":4},"end":{"line":43,"column":34}},"type":"if","locations":[{"start":{"line":43,"column":4},"end":{"line":43,"column":34}},{"start":{},"end":{}}],"line":43},"7":{"loc":{"start":{"line":49,"column":2},"end":{"line":53,"column":3}},"type":"if","locations":[{"start":{"line":49,"column":2},"end":{"line":53,"column":3}},{"start":{},"end":{}}],"line":49}},"s":{"0":1,"1":1,"2":1,"3":0,"4":1,"5":0,"6":1,"7":0,"8":1,"9":0,"10":1,"11":9,"12":0,"13":1,"14":9,"15":2,"16":9,"17":1,"18":1,"19":0,"20":1,"21":9,"22":2,"23":9,"24":0,"25":0,"26":9},"f":{"0":1,"1":1,"2":9,"3":0,"4":1,"5":9,"6":2,"7":1,"8":2,"9":0},"b":{"0":[0,1],"1":[0,1],"2":[0,1],"3":[0,1],"4":[0,1],"5":[0,9],"6":[0,1],"7":[0,9]},"_coverageSchema":"1a1c01bbd47fc00a2c39e90264f33305004495a9","hash":"78b8a084675fecfa70c1c4a4ec170533e75a63f1"}
,"C:\\Users\\tgdzi\\Desktop\\Code\\TheDebtCollectorsRepository\\Frontend\\src\\sections\\expenses\\view\\expenses-view.jsx": {"path":"C:\\Users\\tgdzi\\Desktop\\Code\\TheDebtCollectorsRepository\\Frontend\\src\\sections\\expenses\\view\\expenses-view.jsx","statementMap":{"0":{"start":{"line":43,"column":19},"end":{"line":43,"column":32}},"1":{"start":{"line":44,"column":15},"end":{"line":44,"column":37}},"2":{"start":{"line":46,"column":26},"end":{"line":46,"column":37}},"3":{"start":{"line":47,"column":28},"end":{"line":47,"column":43}},"4":{"start":{"line":48,"column":32},"end":{"line":48,"column":48}},"5":{"start":{"line":49,"column":38},"end":{"line":49,"column":50}},"6":{"start":{"line":50,"column":40},"end":{"line":50,"column":51}},"7":{"start":{"line":52,"column":32},"end":{"line":52,"column":46}},"8":{"start":{"line":53,"column":34},"end":{"line":53,"column":46}},"9":{"start":{"line":54,"column":34},"end":{"line":54,"column":46}},"10":{"start":{"line":55,"column":31},"end":{"line":55,"column":43}},"11":{"start":{"line":56,"column":28},"end":{"line":56,"column":43}},"12":{"start":{"line":58,"column":30},"end":{"line":58,"column":44}},"13":{"start":{"line":60,"column":2},"end":{"line":79,"column":21}},"14":{"start":{"line":61,"column":22},"end":{"line":74,"column":5}},"15":{"start":{"line":62,"column":6},"end":{"line":73,"column":7}},"16":{"start":{"line":63,"column":8},"end":{"line":63,"column":25}},"17":{"start":{"line":64,"column":8},"end":{"line":66,"column":11}},"18":{"start":{"line":65,"column":10},"end":{"line":65,"column":28}},"19":{"start":{"line":67,"column":8},"end":{"line":69,"column":11}},"20":{"start":{"line":68,"column":10},"end":{"line":68,"column":28}},"21":{"start":{"line":70,"column":8},"end":{"line":70,"column":26}},"22":{"start":{"line":72,"column":8},"end":{"line":72,"column":32}},"23":{"start":{"line":75,"column":4},"end":{"line":78,"column":5}},"24":{"start":{"line":76,"column":6},"end":{"line":76,"column":18}},"25":{"start":{"line":77,"column":6},"end":{"line":77,"column":23}},"26":{"start":{"line":82,"column":21},"end":{"line":88,"column":3}},"27":{"start":{"line":83,"column":18},"end":{"line":83,"column":51}},"28":{"start":{"line":84,"column":4},"end":{"line":87,"column":5}},"29":{"start":{"line":85,"column":6},"end":{"line":85,"column":39}},"30":{"start":{"line":86,"column":6},"end":{"line":86,"column":21}},"31":{"start":{"line":90,"column":27},"end":{"line":92,"column":3}},"32":{"start":{"line":91,"column":4},"end":{"line":91,"column":21}},"33":{"start":{"line":94,"column":34},"end":{"line":97,"column":3}},"34":{"start":{"line":95,"column":4},"end":{"line":95,"column":15}},"35":{"start":{"line":96,"column":4},"end":{"line":96,"column":53}},"36":{"start":{"line":99,"column":29},"end":{"line":102,"column":3}},"37":{"start":{"line":100,"column":4},"end":{"line":100,"column":15}},"38":{"start":{"line":101,"column":4},"end":{"line":101,"column":38}},"39":{"start":{"line":104,"column":23},"end":{"line":108,"column":4}},"40":{"start":{"line":110,"column":19},"end":{"line":110,"column":55}},"41":{"start":{"line":112,"column":26},"end":{"line":114,"column":3}},"42":{"start":{"line":113,"column":4},"end":{"line":113,"column":20}},"43":{"start":{"line":116,"column":22},"end":{"line":121,"column":3}},"44":{"start":{"line":123,"column":22},"end":{"line":134,"column":3}},"45":{"start":{"line":124,"column":4},"end":{"line":133,"column":6}},"46":{"start":{"line":137,"column":40},"end":{"line":137,"column":52}},"47":{"start":{"line":138,"column":47},"end":{"line":138,"column":59}},"48":{"start":{"line":139,"column":37},"end":{"line":139,"column":49}},"49":{"start":{"line":140,"column":46},"end":{"line":140,"column":60}},"50":{"start":{"line":142,"column":26},"end":{"line":144,"column":3}},"51":{"start":{"line":143,"column":4},"end":{"line":143,"column":19}},"52":{"start":{"line":146,"column":27},"end":{"line":152,"column":3}},"53":{"start":{"line":147,"column":4},"end":{"line":147,"column":30}},"54":{"start":{"line":148,"column":4},"end":{"line":148,"column":23}},"55":{"start":{"line":149,"column":4},"end":{"line":149,"column":25}},"56":{"start":{"line":150,"column":4},"end":{"line":150,"column":28}},"57":{"start":{"line":151,"column":4},"end":{"line":151,"column":20}},"58":{"start":{"line":154,"column":23},"end":{"line":156,"column":3}},"59":{"start":{"line":155,"column":4},"end":{"line":155,"column":39}},"60":{"start":{"line":158,"column":37},"end":{"line":160,"column":3}},"61":{"start":{"line":159,"column":4},"end":{"line":159,"column":42}},"62":{"start":{"line":162,"column":30},"end":{"line":175,"column":3}},"63":{"start":{"line":163,"column":4},"end":{"line":163,"column":71}},"64":{"start":{"line":163,"column":47},"end":{"line":163,"column":71}},"65":{"start":{"line":164,"column":4},"end":{"line":173,"column":7}},"66":{"start":{"line":165,"column":6},"end":{"line":172,"column":7}},"67":{"start":{"line":166,"column":8},"end":{"line":166,"column":34}},"68":{"start":{"line":167,"column":8},"end":{"line":167,"column":27}},"69":{"start":{"line":168,"column":8},"end":{"line":168,"column":29}},"70":{"start":{"line":169,"column":8},"end":{"line":169,"column":32}},"71":{"start":{"line":170,"column":8},"end":{"line":170,"column":24}},"72":{"start":{"line":171,"column":8},"end":{"line":171,"column":24}},"73":{"start":{"line":174,"column":4},"end":{"line":174,"column":23}},"74":{"start":{"line":177,"column":23},"end":{"line":177,"column":98}},"75":{"start":{"line":180,"column":4},"end":{"line":265,"column":13}},"76":{"start":{"line":202,"column":16},"end":{"line":202,"column":58}},"77":{"start":{"line":210,"column":16},"end":{"line":210,"column":49}},"78":{"start":{"line":228,"column":18},"end":{"line":228,"column":92}},"79":{"start":{"line":252,"column":16},"end":{"line":252,"column":54}},"80":{"start":{"line":268,"column":2},"end":{"line":342,"column":4}},"81":{"start":{"line":315,"column":34},"end":{"line":315,"column":50}}},"fnMap":{"0":{"name":"ExpensesView","decl":{"start":{"line":42,"column":24},"end":{"line":42,"column":36}},"loc":{"start":{"line":42,"column":39},"end":{"line":343,"column":1}},"line":42},"1":{"name":"(anonymous_1)","decl":{"start":{"line":60,"column":12},"end":{"line":60,"column":13}},"loc":{"start":{"line":60,"column":18},"end":{"line":79,"column":3}},"line":60},"2":{"name":"(anonymous_2)","decl":{"start":{"line":61,"column":22},"end":{"line":61,"column":23}},"loc":{"start":{"line":61,"column":34},"end":{"line":74,"column":5}},"line":61},"3":{"name":"(anonymous_3)","decl":{"start":{"line":64,"column":37},"end":{"line":64,"column":38}},"loc":{"start":{"line":64,"column":47},"end":{"line":66,"column":9}},"line":64},"4":{"name":"(anonymous_4)","decl":{"start":{"line":67,"column":37},"end":{"line":67,"column":38}},"loc":{"start":{"line":67,"column":47},"end":{"line":69,"column":9}},"line":67},"5":{"name":"(anonymous_5)","decl":{"start":{"line":82,"column":21},"end":{"line":82,"column":22}},"loc":{"start":{"line":82,"column":36},"end":{"line":88,"column":3}},"line":82},"6":{"name":"(anonymous_6)","decl":{"start":{"line":90,"column":27},"end":{"line":90,"column":28}},"loc":{"start":{"line":90,"column":47},"end":{"line":92,"column":3}},"line":90},"7":{"name":"(anonymous_7)","decl":{"start":{"line":94,"column":34},"end":{"line":94,"column":35}},"loc":{"start":{"line":94,"column":45},"end":{"line":97,"column":3}},"line":94},"8":{"name":"(anonymous_8)","decl":{"start":{"line":99,"column":29},"end":{"line":99,"column":30}},"loc":{"start":{"line":99,"column":40},"end":{"line":102,"column":3}},"line":99},"9":{"name":"(anonymous_9)","decl":{"start":{"line":112,"column":26},"end":{"line":112,"column":27}},"loc":{"start":{"line":112,"column":32},"end":{"line":114,"column":3}},"line":112},"10":{"name":"(anonymous_10)","decl":{"start":{"line":123,"column":22},"end":{"line":123,"column":23}},"loc":{"start":{"line":124,"column":4},"end":{"line":133,"column":6}},"line":124},"11":{"name":"(anonymous_11)","decl":{"start":{"line":142,"column":26},"end":{"line":142,"column":27}},"loc":{"start":{"line":142,"column":32},"end":{"line":144,"column":3}},"line":142},"12":{"name":"(anonymous_12)","decl":{"start":{"line":146,"column":27},"end":{"line":146,"column":28}},"loc":{"start":{"line":146,"column":33},"end":{"line":152,"column":3}},"line":146},"13":{"name":"(anonymous_13)","decl":{"start":{"line":154,"column":23},"end":{"line":154,"column":24}},"loc":{"start":{"line":154,"column":34},"end":{"line":156,"column":3}},"line":154},"14":{"name":"(anonymous_14)","decl":{"start":{"line":158,"column":37},"end":{"line":158,"column":38}},"loc":{"start":{"line":158,"column":48},"end":{"line":160,"column":3}},"line":158},"15":{"name":"(anonymous_15)","decl":{"start":{"line":162,"column":30},"end":{"line":162,"column":31}},"loc":{"start":{"line":162,"column":42},"end":{"line":175,"column":3}},"line":162},"16":{"name":"(anonymous_16)","decl":{"start":{"line":164,"column":82},"end":{"line":164,"column":83}},"loc":{"start":{"line":164,"column":92},"end":{"line":173,"column":5}},"line":164},"17":{"name":"(anonymous_17)","decl":{"start":{"line":201,"column":32},"end":{"line":201,"column":33}},"loc":{"start":{"line":202,"column":16},"end":{"line":202,"column":58}},"line":202},"18":{"name":"(anonymous_18)","decl":{"start":{"line":209,"column":24},"end":{"line":209,"column":25}},"loc":{"start":{"line":209,"column":31},"end":{"line":211,"column":15}},"line":209},"19":{"name":"(anonymous_19)","decl":{"start":{"line":227,"column":30},"end":{"line":227,"column":31}},"loc":{"start":{"line":228,"column":18},"end":{"line":228,"column":92}},"line":228},"20":{"name":"(anonymous_20)","decl":{"start":{"line":251,"column":24},"end":{"line":251,"column":25}},"loc":{"start":{"line":251,"column":31},"end":{"line":253,"column":15}},"line":251},"21":{"name":"(anonymous_21)","decl":{"start":{"line":315,"column":25},"end":{"line":315,"column":26}},"loc":{"start":{"line":315,"column":34},"end":{"line":315,"column":50}},"line":315}},"branchMap":{"0":{"loc":{"start":{"line":75,"column":4},"end":{"line":78,"column":5}},"type":"if","locations":[{"start":{"line":75,"column":4},"end":{"line":78,"column":5}},{"start":{},"end":{}}],"line":75},"1":{"loc":{"start":{"line":83,"column":18},"end":{"line":83,"column":51}},"type":"binary-expr","locations":[{"start":{"line":83,"column":18},"end":{"line":83,"column":32}},{"start":{"line":83,"column":36},"end":{"line":83,"column":51}}],"line":83},"2":{"loc":{"start":{"line":84,"column":4},"end":{"line":87,"column":5}},"type":"if","locations":[{"start":{"line":84,"column":4},"end":{"line":87,"column":5}},{"start":{},"end":{}}],"line":84},"3":{"loc":{"start":{"line":85,"column":15},"end":{"line":85,"column":37}},"type":"cond-expr","locations":[{"start":{"line":85,"column":23},"end":{"line":85,"column":29}},{"start":{"line":85,"column":32},"end":{"line":85,"column":37}}],"line":85},"4":{"loc":{"start":{"line":110,"column":19},"end":{"line":110,"column":55}},"type":"binary-expr","locations":[{"start":{"line":110,"column":19},"end":{"line":110,"column":39}},{"start":{"line":110,"column":43},"end":{"line":110,"column":55}}],"line":110},"5":{"loc":{"start":{"line":163,"column":4},"end":{"line":163,"column":71}},"type":"if","locations":[{"start":{"line":163,"column":4},"end":{"line":163,"column":71}},{"start":{},"end":{}}],"line":163},"6":{"loc":{"start":{"line":165,"column":6},"end":{"line":172,"column":7}},"type":"if","locations":[{"start":{"line":165,"column":6},"end":{"line":172,"column":7}},{"start":{},"end":{}}],"line":165},"7":{"loc":{"start":{"line":216,"column":11},"end":{"line":234,"column":11}},"type":"cond-expr","locations":[{"start":{"line":217,"column":12},"end":{"line":231,"column":26}},{"start":{"line":233,"column":12},"end":{"line":233,"column":19}}],"line":216},"8":{"loc":{"start":{"line":295,"column":15},"end":{"line":324,"column":15}},"type":"cond-expr","locations":[{"start":{"line":296,"column":16},"end":{"line":310,"column":24}},{"start":{"line":312,"column":16},"end":{"line":323,"column":28}}],"line":295},"9":{"loc":{"start":{"line":297,"column":19},"end":{"line":309,"column":19}},"type":"cond-expr","locations":[{"start":{"line":298,"column":20},"end":{"line":306,"column":28}},{"start":{"line":308,"column":20},"end":{"line":308,"column":56}}],"line":297},"10":{"loc":{"start":{"line":322,"column":19},"end":{"line":322,"column":65}},"type":"binary-expr","locations":[{"start":{"line":322,"column":19},"end":{"line":322,"column":27}},{"start":{"line":322,"column":31},"end":{"line":322,"column":65}}],"line":322}},"s":{"0":10,"1":10,"2":10,"3":9,"4":9,"5":9,"6":9,"7":9,"8":9,"9":9,"10":9,"11":9,"12":9,"13":9,"14":6,"15":3,"16":3,"17":3,"18":2,"19":2,"20":2,"21":2,"22":1,"23":6,"24":3,"25":3,"26":9,"27":0,"28":0,"29":0,"30":0,"31":9,"32":0,"33":9,"34":0,"35":0,"36":9,"37":0,"38":0,"39":9,"40":9,"41":9,"42":0,"43":9,"44":9,"45":2,"46":9,"47":9,"48":9,"49":9,"50":9,"51":1,"52":9,"53":0,"54":0,"55":0,"56":0,"57":0,"58":9,"59":0,"60":9,"61":0,"62":9,"63":0,"64":0,"65":0,"66":0,"67":0,"68":0,"69":0,"70":0,"71":0,"72":0,"73":0,"74":9,"75":9,"76":45,"77":0,"78":0,"79":0,"80":9,"81":2},"f":{"0":10,"1":6,"2":3,"3":2,"4":2,"5":0,"6":0,"7":0,"8":0,"9":0,"10":2,"11":1,"12":0,"13":0,"14":0,"15":0,"16":0,"17":45,"18":0,"19":0,"20":0,"21":2},"b":{"0":[3,3],"1":[0,0],"2":[0,0],"3":[0,0],"4":[9,8],"5":[0,0],"6":[0,0],"7":[0,9],"8":[8,1],"9":[1,7],"10":[1,0]},"_coverageSchema":"1a1c01bbd47fc00a2c39e90264f33305004495a9","hash":"ec98ee73f9d5e1989ad685bead6785583179f16b"}
,"C:\\Users\\tgdzi\\Desktop\\Code\\TheDebtCollectorsRepository\\Frontend\\src\\sections\\expenses\\view\\index.js": {"path":"C:\\Users\\tgdzi\\Desktop\\Code\\TheDebtCollectorsRepository\\Frontend\\src\\sections\\expenses\\view\\index.js","statementMap":{},"fnMap":{},"branchMap":{},"s":{},"f":{},"b":{},"_coverageSchema":"1a1c01bbd47fc00a2c39e90264f33305004495a9","hash":"0a0f4326131e0486c10bb6476b8b72a09d9b2513"}
,"C:\\Users\\tgdzi\\Desktop\\Code\\TheDebtCollectorsRepository\\Frontend\\src\\sections\\overview\\components\\app-balances.jsx": {"path":"C:\\Users\\tgdzi\\Desktop\\Code\\TheDebtCollectorsRepository\\Frontend\\src\\sections\\overview\\components\\app-balances.jsx","statementMap":{"0":{"start":{"line":19,"column":2},"end":{"line":50,"column":4}},"1":{"start":{"line":27,"column":32},"end":{"line":27,"column":85}},"2":{"start":{"line":40,"column":39},"end":{"line":40,"column":76}},"3":{"start":{"line":53,"column":0},"end":{"line":57,"column":2}},"4":{"start":{"line":62,"column":19},"end":{"line":62,"column":32}},"5":{"start":{"line":63,"column":17},"end":{"line":63,"column":28}},"6":{"start":{"line":64,"column":25},"end":{"line":64,"column":42}},"7":{"start":{"line":66,"column":15},"end":{"line":66,"column":37}},"8":{"start":{"line":67,"column":16},"end":{"line":67,"column":43}},"9":{"start":{"line":69,"column":25},"end":{"line":71,"column":3}},"10":{"start":{"line":70,"column":4},"end":{"line":70,"column":98}},"11":{"start":{"line":73,"column":2},"end":{"line":95,"column":4}},"12":{"start":{"line":84,"column":35},"end":{"line":84,"column":72}},"13":{"start":{"line":98,"column":0},"end":{"line":100,"column":2}}},"fnMap":{"0":{"name":"AppBalances","decl":{"start":{"line":18,"column":24},"end":{"line":18,"column":35}},"loc":{"start":{"line":18,"column":74},"end":{"line":51,"column":1}},"line":18},"1":{"name":"(anonymous_1)","decl":{"start":{"line":27,"column":20},"end":{"line":27,"column":21}},"loc":{"start":{"line":27,"column":32},"end":{"line":27,"column":85}},"line":27},"2":{"name":"(anonymous_2)","decl":{"start":{"line":40,"column":28},"end":{"line":40,"column":29}},"loc":{"start":{"line":40,"column":39},"end":{"line":40,"column":76}},"line":40},"3":{"name":"BalanceItem","decl":{"start":{"line":61,"column":9},"end":{"line":61,"column":20}},"loc":{"start":{"line":61,"column":33},"end":{"line":96,"column":1}},"line":61},"4":{"name":"(anonymous_4)","decl":{"start":{"line":69,"column":25},"end":{"line":69,"column":26}},"loc":{"start":{"line":69,"column":36},"end":{"line":71,"column":3}},"line":69},"5":{"name":"(anonymous_5)","decl":{"start":{"line":84,"column":24},"end":{"line":84,"column":25}},"loc":{"start":{"line":84,"column":35},"end":{"line":84,"column":72}},"line":84}},"branchMap":{"0":{"loc":{"start":{"line":25,"column":7},"end":{"line":48,"column":7}},"type":"cond-expr","locations":[{"start":{"line":26,"column":8},"end":{"line":28,"column":11}},{"start":{"line":30,"column":8},"end":{"line":47,"column":16}}],"line":25}},"s":{"0":4,"1":1,"2":3,"3":1,"4":1,"5":1,"6":1,"7":1,"8":1,"9":1,"10":0,"11":1,"12":1,"13":1},"f":{"0":4,"1":1,"2":3,"3":1,"4":0,"5":1},"b":{"0":[1,3]},"_coverageSchema":"1a1c01bbd47fc00a2c39e90264f33305004495a9","hash":"d2c5f4a8b109af7d74dbd573421629cf924edbf7"}
,"C:\\Users\\tgdzi\\Desktop\\Code\\TheDebtCollectorsRepository\\Frontend\\src\\sections\\overview\\components\\app-requests.jsx": {"path":"C:\\Users\\tgdzi\\Desktop\\Code\\TheDebtCollectorsRepository\\Frontend\\src\\sections\\overview\\components\\app-requests.jsx","statementMap":{"0":{"start":{"line":19,"column":2},"end":{"line":52,"column":4}},"1":{"start":{"line":28,"column":12},"end":{"line":28,"column":68}},"2":{"start":{"line":42,"column":39},"end":{"line":42,"column":76}},"3":{"start":{"line":55,"column":0},"end":{"line":59,"column":2}},"4":{"start":{"line":64,"column":19},"end":{"line":64,"column":32}},"5":{"start":{"line":65,"column":17},"end":{"line":65,"column":28}},"6":{"start":{"line":66,"column":25},"end":{"line":66,"column":42}},"7":{"start":{"line":68,"column":15},"end":{"line":68,"column":37}},"8":{"start":{"line":69,"column":16},"end":{"line":69,"column":43}},"9":{"start":{"line":71,"column":25},"end":{"line":73,"column":3}},"10":{"start":{"line":72,"column":4},"end":{"line":72,"column":96}},"11":{"start":{"line":75,"column":2},"end":{"line":97,"column":4}},"12":{"start":{"line":86,"column":35},"end":{"line":86,"column":72}},"13":{"start":{"line":100,"column":0},"end":{"line":102,"column":2}}},"fnMap":{"0":{"name":"AppRequests","decl":{"start":{"line":18,"column":24},"end":{"line":18,"column":35}},"loc":{"start":{"line":18,"column":74},"end":{"line":53,"column":1}},"line":18},"1":{"name":"(anonymous_1)","decl":{"start":{"line":27,"column":20},"end":{"line":27,"column":21}},"loc":{"start":{"line":28,"column":12},"end":{"line":28,"column":68}},"line":28},"2":{"name":"(anonymous_2)","decl":{"start":{"line":42,"column":28},"end":{"line":42,"column":29}},"loc":{"start":{"line":42,"column":39},"end":{"line":42,"column":76}},"line":42},"3":{"name":"RequestItem","decl":{"start":{"line":63,"column":9},"end":{"line":63,"column":20}},"loc":{"start":{"line":63,"column":34},"end":{"line":98,"column":1}},"line":63},"4":{"name":"(anonymous_4)","decl":{"start":{"line":71,"column":25},"end":{"line":71,"column":26}},"loc":{"start":{"line":71,"column":36},"end":{"line":73,"column":3}},"line":71},"5":{"name":"(anonymous_5)","decl":{"start":{"line":86,"column":24},"end":{"line":86,"column":25}},"loc":{"start":{"line":86,"column":35},"end":{"line":86,"column":72}},"line":86}},"branchMap":{"0":{"loc":{"start":{"line":25,"column":7},"end":{"line":50,"column":7}},"type":"cond-expr","locations":[{"start":{"line":26,"column":8},"end":{"line":30,"column":11}},{"start":{"line":32,"column":8},"end":{"line":49,"column":16}}],"line":25}},"s":{"0":4,"1":1,"2":3,"3":1,"4":1,"5":1,"6":1,"7":1,"8":1,"9":1,"10":0,"11":1,"12":1,"13":1},"f":{"0":4,"1":1,"2":3,"3":1,"4":0,"5":1},"b":{"0":[1,3]},"_coverageSchema":"1a1c01bbd47fc00a2c39e90264f33305004495a9","hash":"2920bd0938977134211816de9a1fd034a5f1b8c5"}
,"C:\\Users\\tgdzi\\Desktop\\Code\\TheDebtCollectorsRepository\\Frontend\\src\\sections\\overview\\components\\app-widget-summary.jsx": {"path":"C:\\Users\\tgdzi\\Desktop\\Code\\TheDebtCollectorsRepository\\Frontend\\src\\sections\\overview\\components\\app-widget-summary.jsx","statementMap":{"0":{"start":{"line":11,"column":2},"end":{"line":34,"column":4}},"1":{"start":{"line":37,"column":0},"end":{"line":43,"column":2}}},"fnMap":{"0":{"name":"AppWidgetSummary","decl":{"start":{"line":10,"column":24},"end":{"line":10,"column":40}},"loc":{"start":{"line":10,"column":98},"end":{"line":35,"column":1}},"line":10}},"branchMap":{"0":{"loc":{"start":{"line":10,"column":63},"end":{"line":10,"column":80}},"type":"default-arg","locations":[{"start":{"line":10,"column":71},"end":{"line":10,"column":80}}],"line":10},"1":{"loc":{"start":{"line":24,"column":7},"end":{"line":24,"column":63}},"type":"binary-expr","locations":[{"start":{"line":24,"column":7},"end":{"line":24,"column":11}},{"start":{"line":24,"column":15},"end":{"line":24,"column":63}}],"line":24}},"s":{"0":16,"1":1},"f":{"0":16},"b":{"0":[0],"1":[16,16]},"_coverageSchema":"1a1c01bbd47fc00a2c39e90264f33305004495a9","hash":"2cbd9722fbdcc5bdc9e2c04904bd90a5d93e2fdb"}
,"C:\\Users\\tgdzi\\Desktop\\Code\\TheDebtCollectorsRepository\\Frontend\\src\\sections\\overview\\view\\app-view.jsx": {"path":"C:\\Users\\tgdzi\\Desktop\\Code\\TheDebtCollectorsRepository\\Frontend\\src\\sections\\overview\\view\\app-view.jsx","statementMap":{"0":{"start":{"line":25,"column":19},"end":{"line":25,"column":32}},"1":{"start":{"line":26,"column":15},"end":{"line":26,"column":37}},"2":{"start":{"line":28,"column":38},"end":{"line":28,"column":50}},"3":{"start":{"line":29,"column":40},"end":{"line":29,"column":52}},"4":{"start":{"line":30,"column":40},"end":{"line":30,"column":52}},"5":{"start":{"line":31,"column":50},"end":{"line":31,"column":62}},"6":{"start":{"line":32,"column":54},"end":{"line":32,"column":66}},"7":{"start":{"line":33,"column":46},"end":{"line":33,"column":58}},"8":{"start":{"line":35,"column":2},"end":{"line":97,"column":13}},"9":{"start":{"line":36,"column":28},"end":{"line":44,"column":5}},"10":{"start":{"line":37,"column":6},"end":{"line":43,"column":7}},"11":{"start":{"line":38,"column":8},"end":{"line":40,"column":11}},"12":{"start":{"line":39,"column":10},"end":{"line":39,"column":30}},"13":{"start":{"line":42,"column":8},"end":{"line":42,"column":48}},"14":{"start":{"line":45,"column":29},"end":{"line":53,"column":5}},"15":{"start":{"line":46,"column":6},"end":{"line":52,"column":7}},"16":{"start":{"line":47,"column":8},"end":{"line":49,"column":11}},"17":{"start":{"line":48,"column":10},"end":{"line":48,"column":31}},"18":{"start":{"line":51,"column":8},"end":{"line":51,"column":49}},"19":{"start":{"line":54,"column":29},"end":{"line":62,"column":5}},"20":{"start":{"line":55,"column":6},"end":{"line":61,"column":7}},"21":{"start":{"line":56,"column":8},"end":{"line":58,"column":11}},"22":{"start":{"line":57,"column":10},"end":{"line":57,"column":31}},"23":{"start":{"line":60,"column":8},"end":{"line":60,"column":49}},"24":{"start":{"line":63,"column":28},"end":{"line":71,"column":5}},"25":{"start":{"line":64,"column":6},"end":{"line":70,"column":7}},"26":{"start":{"line":65,"column":8},"end":{"line":67,"column":11}},"27":{"start":{"line":66,"column":10},"end":{"line":66,"column":36}},"28":{"start":{"line":69,"column":8},"end":{"line":69,"column":48}},"29":{"start":{"line":72,"column":42},"end":{"line":80,"column":5}},"30":{"start":{"line":73,"column":6},"end":{"line":79,"column":7}},"31":{"start":{"line":74,"column":8},"end":{"line":76,"column":11}},"32":{"start":{"line":75,"column":10},"end":{"line":75,"column":38}},"33":{"start":{"line":78,"column":8},"end":{"line":78,"column":53}},"34":{"start":{"line":81,"column":42},"end":{"line":89,"column":5}},"35":{"start":{"line":82,"column":6},"end":{"line":88,"column":7}},"36":{"start":{"line":83,"column":8},"end":{"line":85,"column":11}},"37":{"start":{"line":84,"column":10},"end":{"line":84,"column":94}},"38":{"start":{"line":84,"column":51},"end":{"line":84,"column":80}},"39":{"start":{"line":87,"column":8},"end":{"line":87,"column":52}},"40":{"start":{"line":91,"column":4},"end":{"line":91,"column":22}},"41":{"start":{"line":92,"column":4},"end":{"line":92,"column":23}},"42":{"start":{"line":93,"column":4},"end":{"line":93,"column":23}},"43":{"start":{"line":94,"column":4},"end":{"line":94,"column":22}},"44":{"start":{"line":95,"column":4},"end":{"line":95,"column":36}},"45":{"start":{"line":96,"column":4},"end":{"line":96,"column":36}},"46":{"start":{"line":99,"column":2},"end":{"line":158,"column":4}}},"fnMap":{"0":{"name":"AppView","decl":{"start":{"line":24,"column":24},"end":{"line":24,"column":31}},"loc":{"start":{"line":24,"column":34},"end":{"line":159,"column":1}},"line":24},"1":{"name":"(anonymous_1)","decl":{"start":{"line":35,"column":12},"end":{"line":35,"column":13}},"loc":{"start":{"line":35,"column":18},"end":{"line":97,"column":3}},"line":35},"2":{"name":"(anonymous_2)","decl":{"start":{"line":36,"column":28},"end":{"line":36,"column":29}},"loc":{"start":{"line":36,"column":40},"end":{"line":44,"column":5}},"line":36},"3":{"name":"(anonymous_3)","decl":{"start":{"line":38,"column":42},"end":{"line":38,"column":43}},"loc":{"start":{"line":38,"column":52},"end":{"line":40,"column":9}},"line":38},"4":{"name":"(anonymous_4)","decl":{"start":{"line":45,"column":29},"end":{"line":45,"column":30}},"loc":{"start":{"line":45,"column":41},"end":{"line":53,"column":5}},"line":45},"5":{"name":"(anonymous_5)","decl":{"start":{"line":47,"column":43},"end":{"line":47,"column":44}},"loc":{"start":{"line":47,"column":53},"end":{"line":49,"column":9}},"line":47},"6":{"name":"(anonymous_6)","decl":{"start":{"line":54,"column":29},"end":{"line":54,"column":30}},"loc":{"start":{"line":54,"column":41},"end":{"line":62,"column":5}},"line":54},"7":{"name":"(anonymous_7)","decl":{"start":{"line":56,"column":43},"end":{"line":56,"column":44}},"loc":{"start":{"line":56,"column":53},"end":{"line":58,"column":9}},"line":56},"8":{"name":"(anonymous_8)","decl":{"start":{"line":63,"column":28},"end":{"line":63,"column":29}},"loc":{"start":{"line":63,"column":40},"end":{"line":71,"column":5}},"line":63},"9":{"name":"(anonymous_9)","decl":{"start":{"line":65,"column":52},"end":{"line":65,"column":53}},"loc":{"start":{"line":65,"column":62},"end":{"line":67,"column":9}},"line":65},"10":{"name":"(anonymous_10)","decl":{"start":{"line":72,"column":42},"end":{"line":72,"column":43}},"loc":{"start":{"line":72,"column":54},"end":{"line":80,"column":5}},"line":72},"11":{"name":"(anonymous_11)","decl":{"start":{"line":74,"column":53},"end":{"line":74,"column":54}},"loc":{"start":{"line":74,"column":63},"end":{"line":76,"column":9}},"line":74},"12":{"name":"(anonymous_12)","decl":{"start":{"line":81,"column":42},"end":{"line":81,"column":43}},"loc":{"start":{"line":81,"column":54},"end":{"line":89,"column":5}},"line":81},"13":{"name":"(anonymous_13)","decl":{"start":{"line":83,"column":53},"end":{"line":83,"column":54}},"loc":{"start":{"line":83,"column":63},"end":{"line":85,"column":9}},"line":83},"14":{"name":"(anonymous_14)","decl":{"start":{"line":84,"column":40},"end":{"line":84,"column":41}},"loc":{"start":{"line":84,"column":51},"end":{"line":84,"column":80}},"line":84}},"branchMap":{"0":{"loc":{"start":{"line":110,"column":19},"end":{"line":110,"column":75}},"type":"cond-expr","locations":[{"start":{"line":110,"column":45},"end":{"line":110,"column":71}},{"start":{"line":110,"column":74},"end":{"line":110,"column":75}}],"line":110},"1":{"loc":{"start":{"line":119,"column":19},"end":{"line":119,"column":67}},"type":"cond-expr","locations":[{"start":{"line":119,"column":46},"end":{"line":119,"column":63}},{"start":{"line":119,"column":66},"end":{"line":119,"column":67}}],"line":119},"2":{"loc":{"start":{"line":129,"column":19},"end":{"line":129,"column":67}},"type":"cond-expr","locations":[{"start":{"line":129,"column":46},"end":{"line":129,"column":63}},{"start":{"line":129,"column":66},"end":{"line":129,"column":67}}],"line":129},"3":{"loc":{"start":{"line":139,"column":19},"end":{"line":139,"column":79}},"type":"cond-expr","locations":[{"start":{"line":139,"column":51},"end":{"line":139,"column":75}},{"start":{"line":139,"column":78},"end":{"line":139,"column":79}}],"line":139}},"s":{"0":5,"1":4,"2":4,"3":4,"4":4,"5":4,"6":4,"7":4,"8":4,"9":3,"10":3,"11":3,"12":3,"13":0,"14":3,"15":3,"16":3,"17":3,"18":0,"19":3,"20":3,"21":3,"22":3,"23":0,"24":3,"25":3,"26":3,"27":3,"28":0,"29":3,"30":3,"31":3,"32":3,"33":0,"34":3,"35":3,"36":3,"37":3,"38":6,"39":0,"40":3,"41":3,"42":3,"43":3,"44":3,"45":3,"46":4},"f":{"0":5,"1":3,"2":3,"3":3,"4":3,"5":3,"6":3,"7":3,"8":3,"9":3,"10":3,"11":3,"12":3,"13":3,"14":6},"b":{"0":[4,0],"1":[4,0],"2":[4,0],"3":[4,0]},"_coverageSchema":"1a1c01bbd47fc00a2c39e90264f33305004495a9","hash":"f13765ccefa520473208e10e87be3095f2bc897c"}
,"C:\\Users\\tgdzi\\Desktop\\Code\\TheDebtCollectorsRepository\\Frontend\\src\\sections\\overview\\view\\index.js": {"path":"C:\\Users\\tgdzi\\Desktop\\Code\\TheDebtCollectorsRepository\\Frontend\\src\\sections\\overview\\view\\index.js","statementMap":{},"fnMap":{},"branchMap":{},"s":{},"f":{},"b":{},"_coverageSchema":"1a1c01bbd47fc00a2c39e90264f33305004495a9","hash":"710ece487abd8c2b46c2bc5d3179a2f5026e09db"}
}
