{"C:\\Users\\tgdzi\\Desktop\\Code\\TheDebtCollectorsRepository\\Frontend\\src\\components\\iconify\\iconify.jsx": {"path":"C:\\Users\\tgdzi\\Desktop\\Code\\TheDebtCollectorsRepository\\Frontend\\src\\components\\iconify\\iconify.jsx","statementMap":{"0":{"start":{"line":9,"column":16},"end":{"line":18,"column":2}},"1":{"start":{"line":10,"column":2},"end":{"line":17,"column":4}},"2":{"start":{"line":20,"column":0},"end":{"line":24,"column":2}}},"fnMap":{"0":{"name":"(anonymous_0)","decl":{"start":{"line":9,"column":27},"end":{"line":9,"column":28}},"loc":{"start":{"line":10,"column":2},"end":{"line":17,"column":4}},"line":10}},"branchMap":{"0":{"loc":{"start":{"line":9,"column":36},"end":{"line":9,"column":46}},"type":"default-arg","locations":[{"start":{"line":9,"column":44},"end":{"line":9,"column":46}}],"line":9}},"s":{"0":1,"1":2,"2":1},"f":{"0":2},"b":{"0":[2]},"_coverageSchema":"1a1c01bbd47fc00a2c39e90264f33305004495a9","hash":"edb0ab27320859eb0860d2bd21da39459c1687b0"}
,"C:\\Users\\tgdzi\\Desktop\\Code\\TheDebtCollectorsRepository\\Frontend\\src\\components\\iconify\\index.js": {"path":"C:\\Users\\tgdzi\\Desktop\\Code\\TheDebtCollectorsRepository\\Frontend\\src\\components\\iconify\\index.js","statementMap":{},"fnMap":{},"branchMap":{},"s":{},"f":{},"b":{},"_coverageSchema":"1a1c01bbd47fc00a2c39e90264f33305004495a9","hash":"c1b1aaadd19a1d46f8f1bdb7e89fac14d449e54c"}
,"C:\\Users\\tgdzi\\Desktop\\Code\\TheDebtCollectorsRepository\\Frontend\\src\\routes\\hooks\\index.js": {"path":"C:\\Users\\tgdzi\\Desktop\\Code\\TheDebtCollectorsRepository\\Frontend\\src\\routes\\hooks\\index.js","statementMap":{},"fnMap":{},"branchMap":{},"s":{},"f":{},"b":{},"_coverageSchema":"1a1c01bbd47fc00a2c39e90264f33305004495a9","hash":"7ace422d847a3a6043bda9a7a2ad839b6e883202"}
,"C:\\Users\\tgdzi\\Desktop\\Code\\TheDebtCollectorsRepository\\Frontend\\src\\routes\\hooks\\use-pathname.js": {"path":"C:\\Users\\tgdzi\\Desktop\\Code\\TheDebtCollectorsRepository\\Frontend\\src\\routes\\hooks\\use-pathname.js","statementMap":{"0":{"start":{"line":7,"column":23},"end":{"line":7,"column":36}},"1":{"start":{"line":9,"column":2},"end":{"line":9,"column":45}},"2":{"start":{"line":9,"column":23},"end":{"line":9,"column":31}}},"fnMap":{"0":{"name":"usePathname","decl":{"start":{"line":6,"column":16},"end":{"line":6,"column":27}},"loc":{"start":{"line":6,"column":30},"end":{"line":10,"column":1}},"line":6},"1":{"name":"(anonymous_1)","decl":{"start":{"line":9,"column":17},"end":{"line":9,"column":18}},"loc":{"start":{"line":9,"column":23},"end":{"line":9,"column":31}},"line":9}},"branchMap":{},"s":{"0":7,"1":6,"2":5},"f":{"0":7,"1":5},"b":{},"_coverageSchema":"1a1c01bbd47fc00a2c39e90264f33305004495a9","hash":"367ede565f1c08385f537ed4971aadd6153b7816"}
,"C:\\Users\\tgdzi\\Desktop\\Code\\TheDebtCollectorsRepository\\Frontend\\src\\routes\\hooks\\use-router.js": {"path":"C:\\Users\\tgdzi\\Desktop\\Code\\TheDebtCollectorsRepository\\Frontend\\src\\routes\\hooks\\use-router.js","statementMap":{"0":{"start":{"line":7,"column":19},"end":{"line":7,"column":32}},"1":{"start":{"line":9,"column":17},"end":{"line":18,"column":3}},"2":{"start":{"line":10,"column":11},"end":{"line":16,"column":5}},"3":{"start":{"line":11,"column":18},"end":{"line":11,"column":30}},"4":{"start":{"line":12,"column":21},"end":{"line":12,"column":32}},"5":{"start":{"line":13,"column":20},"end":{"line":13,"column":44}},"6":{"start":{"line":14,"column":22},"end":{"line":14,"column":36}},"7":{"start":{"line":15,"column":25},"end":{"line":15,"column":39}},"8":{"start":{"line":20,"column":2},"end":{"line":20,"column":16}}},"fnMap":{"0":{"name":"useRouter","decl":{"start":{"line":6,"column":16},"end":{"line":6,"column":25}},"loc":{"start":{"line":6,"column":28},"end":{"line":21,"column":1}},"line":6},"1":{"name":"(anonymous_1)","decl":{"start":{"line":10,"column":4},"end":{"line":10,"column":5}},"loc":{"start":{"line":10,"column":11},"end":{"line":16,"column":5}},"line":10},"2":{"name":"(anonymous_2)","decl":{"start":{"line":11,"column":12},"end":{"line":11,"column":13}},"loc":{"start":{"line":11,"column":18},"end":{"line":11,"column":30}},"line":11},"3":{"name":"(anonymous_3)","decl":{"start":{"line":12,"column":15},"end":{"line":12,"column":16}},"loc":{"start":{"line":12,"column":21},"end":{"line":12,"column":32}},"line":12},"4":{"name":"(anonymous_4)","decl":{"start":{"line":13,"column":14},"end":{"line":13,"column":15}},"loc":{"start":{"line":13,"column":20},"end":{"line":13,"column":44}},"line":13},"5":{"name":"(anonymous_5)","decl":{"start":{"line":14,"column":12},"end":{"line":14,"column":13}},"loc":{"start":{"line":14,"column":22},"end":{"line":14,"column":36}},"line":14},"6":{"name":"(anonymous_6)","decl":{"start":{"line":15,"column":15},"end":{"line":15,"column":16}},"loc":{"start":{"line":15,"column":25},"end":{"line":15,"column":39}},"line":15}},"branchMap":{},"s":{"0":2,"1":2,"2":2,"3":0,"4":0,"5":0,"6":0,"7":0,"8":2},"f":{"0":2,"1":2,"2":0,"3":0,"4":0,"5":0,"6":0},"b":{},"_coverageSchema":"1a1c01bbd47fc00a2c39e90264f33305004495a9","hash":"f2d5284b32d180bc461a420d9029be96ef029231"}
,"C:\\Users\\tgdzi\\Desktop\\Code\\TheDebtCollectorsRepository\\Frontend\\src\\sections\\overview\\components\\app-balances.jsx": {"path":"C:\\Users\\tgdzi\\Desktop\\Code\\TheDebtCollectorsRepository\\Frontend\\src\\sections\\overview\\components\\app-balances.jsx","statementMap":{"0":{"start":{"line":19,"column":2},"end":{"line":50,"column":4}},"1":{"start":{"line":27,"column":32},"end":{"line":27,"column":85}},"2":{"start":{"line":40,"column":39},"end":{"line":40,"column":76}},"3":{"start":{"line":53,"column":0},"end":{"line":57,"column":2}},"4":{"start":{"line":62,"column":19},"end":{"line":62,"column":32}},"5":{"start":{"line":63,"column":17},"end":{"line":63,"column":28}},"6":{"start":{"line":64,"column":25},"end":{"line":64,"column":42}},"7":{"start":{"line":66,"column":15},"end":{"line":66,"column":37}},"8":{"start":{"line":67,"column":16},"end":{"line":67,"column":43}},"9":{"start":{"line":69,"column":25},"end":{"line":71,"column":3}},"10":{"start":{"line":70,"column":4},"end":{"line":70,"column":98}},"11":{"start":{"line":73,"column":2},"end":{"line":95,"column":4}},"12":{"start":{"line":84,"column":35},"end":{"line":84,"column":72}},"13":{"start":{"line":98,"column":0},"end":{"line":100,"column":2}}},"fnMap":{"0":{"name":"AppBalances","decl":{"start":{"line":18,"column":24},"end":{"line":18,"column":35}},"loc":{"start":{"line":18,"column":74},"end":{"line":51,"column":1}},"line":18},"1":{"name":"(anonymous_1)","decl":{"start":{"line":27,"column":20},"end":{"line":27,"column":21}},"loc":{"start":{"line":27,"column":32},"end":{"line":27,"column":85}},"line":27},"2":{"name":"(anonymous_2)","decl":{"start":{"line":40,"column":28},"end":{"line":40,"column":29}},"loc":{"start":{"line":40,"column":39},"end":{"line":40,"column":76}},"line":40},"3":{"name":"BalanceItem","decl":{"start":{"line":61,"column":9},"end":{"line":61,"column":20}},"loc":{"start":{"line":61,"column":33},"end":{"line":96,"column":1}},"line":61},"4":{"name":"(anonymous_4)","decl":{"start":{"line":69,"column":25},"end":{"line":69,"column":26}},"loc":{"start":{"line":69,"column":36},"end":{"line":71,"column":3}},"line":69},"5":{"name":"(anonymous_5)","decl":{"start":{"line":84,"column":24},"end":{"line":84,"column":25}},"loc":{"start":{"line":84,"column":35},"end":{"line":84,"column":72}},"line":84}},"branchMap":{"0":{"loc":{"start":{"line":25,"column":7},"end":{"line":48,"column":7}},"type":"cond-expr","locations":[{"start":{"line":26,"column":8},"end":{"line":28,"column":11}},{"start":{"line":30,"column":8},"end":{"line":47,"column":16}}],"line":25}},"s":{"0":4,"1":1,"2":3,"3":1,"4":1,"5":1,"6":1,"7":1,"8":1,"9":1,"10":0,"11":1,"12":1,"13":1},"f":{"0":4,"1":1,"2":3,"3":1,"4":0,"5":1},"b":{"0":[1,3]},"_coverageSchema":"1a1c01bbd47fc00a2c39e90264f33305004495a9","hash":"d2c5f4a8b109af7d74dbd573421629cf924edbf7"}
,"C:\\Users\\tgdzi\\Desktop\\Code\\TheDebtCollectorsRepository\\Frontend\\src\\sections\\overview\\components\\app-requests.jsx": {"path":"C:\\Users\\tgdzi\\Desktop\\Code\\TheDebtCollectorsRepository\\Frontend\\src\\sections\\overview\\components\\app-requests.jsx","statementMap":{"0":{"start":{"line":19,"column":2},"end":{"line":52,"column":4}},"1":{"start":{"line":28,"column":12},"end":{"line":28,"column":68}},"2":{"start":{"line":42,"column":39},"end":{"line":42,"column":76}},"3":{"start":{"line":55,"column":0},"end":{"line":59,"column":2}},"4":{"start":{"line":64,"column":19},"end":{"line":64,"column":32}},"5":{"start":{"line":65,"column":17},"end":{"line":65,"column":28}},"6":{"start":{"line":66,"column":25},"end":{"line":66,"column":42}},"7":{"start":{"line":68,"column":15},"end":{"line":68,"column":37}},"8":{"start":{"line":69,"column":16},"end":{"line":69,"column":43}},"9":{"start":{"line":71,"column":25},"end":{"line":73,"column":3}},"10":{"start":{"line":72,"column":4},"end":{"line":72,"column":96}},"11":{"start":{"line":75,"column":2},"end":{"line":97,"column":4}},"12":{"start":{"line":86,"column":35},"end":{"line":86,"column":72}},"13":{"start":{"line":100,"column":0},"end":{"line":102,"column":2}}},"fnMap":{"0":{"name":"AppRequests","decl":{"start":{"line":18,"column":24},"end":{"line":18,"column":35}},"loc":{"start":{"line":18,"column":74},"end":{"line":53,"column":1}},"line":18},"1":{"name":"(anonymous_1)","decl":{"start":{"line":27,"column":20},"end":{"line":27,"column":21}},"loc":{"start":{"line":28,"column":12},"end":{"line":28,"column":68}},"line":28},"2":{"name":"(anonymous_2)","decl":{"start":{"line":42,"column":28},"end":{"line":42,"column":29}},"loc":{"start":{"line":42,"column":39},"end":{"line":42,"column":76}},"line":42},"3":{"name":"RequestItem","decl":{"start":{"line":63,"column":9},"end":{"line":63,"column":20}},"loc":{"start":{"line":63,"column":34},"end":{"line":98,"column":1}},"line":63},"4":{"name":"(anonymous_4)","decl":{"start":{"line":71,"column":25},"end":{"line":71,"column":26}},"loc":{"start":{"line":71,"column":36},"end":{"line":73,"column":3}},"line":71},"5":{"name":"(anonymous_5)","decl":{"start":{"line":86,"column":24},"end":{"line":86,"column":25}},"loc":{"start":{"line":86,"column":35},"end":{"line":86,"column":72}},"line":86}},"branchMap":{"0":{"loc":{"start":{"line":25,"column":7},"end":{"line":50,"column":7}},"type":"cond-expr","locations":[{"start":{"line":26,"column":8},"end":{"line":30,"column":11}},{"start":{"line":32,"column":8},"end":{"line":49,"column":16}}],"line":25}},"s":{"0":4,"1":1,"2":3,"3":1,"4":1,"5":1,"6":1,"7":1,"8":1,"9":1,"10":0,"11":1,"12":1,"13":1},"f":{"0":4,"1":1,"2":3,"3":1,"4":0,"5":1},"b":{"0":[1,3]},"_coverageSchema":"1a1c01bbd47fc00a2c39e90264f33305004495a9","hash":"2920bd0938977134211816de9a1fd034a5f1b8c5"}
,"C:\\Users\\tgdzi\\Desktop\\Code\\TheDebtCollectorsRepository\\Frontend\\src\\sections\\overview\\components\\app-widget-summary.jsx": {"path":"C:\\Users\\tgdzi\\Desktop\\Code\\TheDebtCollectorsRepository\\Frontend\\src\\sections\\overview\\components\\app-widget-summary.jsx","statementMap":{"0":{"start":{"line":11,"column":2},"end":{"line":34,"column":4}},"1":{"start":{"line":37,"column":0},"end":{"line":43,"column":2}}},"fnMap":{"0":{"name":"AppWidgetSummary","decl":{"start":{"line":10,"column":24},"end":{"line":10,"column":40}},"loc":{"start":{"line":10,"column":98},"end":{"line":35,"column":1}},"line":10}},"branchMap":{"0":{"loc":{"start":{"line":10,"column":63},"end":{"line":10,"column":80}},"type":"default-arg","locations":[{"start":{"line":10,"column":71},"end":{"line":10,"column":80}}],"line":10},"1":{"loc":{"start":{"line":24,"column":7},"end":{"line":24,"column":63}},"type":"binary-expr","locations":[{"start":{"line":24,"column":7},"end":{"line":24,"column":11}},{"start":{"line":24,"column":15},"end":{"line":24,"column":63}}],"line":24}},"s":{"0":16,"1":1},"f":{"0":16},"b":{"0":[0],"1":[16,16]},"_coverageSchema":"1a1c01bbd47fc00a2c39e90264f33305004495a9","hash":"2cbd9722fbdcc5bdc9e2c04904bd90a5d93e2fdb"}
,"C:\\Users\\tgdzi\\Desktop\\Code\\TheDebtCollectorsRepository\\Frontend\\src\\sections\\overview\\view\\app-view.jsx": {"path":"C:\\Users\\tgdzi\\Desktop\\Code\\TheDebtCollectorsRepository\\Frontend\\src\\sections\\overview\\view\\app-view.jsx","statementMap":{"0":{"start":{"line":25,"column":19},"end":{"line":25,"column":32}},"1":{"start":{"line":26,"column":15},"end":{"line":26,"column":37}},"2":{"start":{"line":28,"column":38},"end":{"line":28,"column":50}},"3":{"start":{"line":29,"column":40},"end":{"line":29,"column":52}},"4":{"start":{"line":30,"column":40},"end":{"line":30,"column":52}},"5":{"start":{"line":31,"column":50},"end":{"line":31,"column":62}},"6":{"start":{"line":32,"column":54},"end":{"line":32,"column":66}},"7":{"start":{"line":33,"column":46},"end":{"line":33,"column":58}},"8":{"start":{"line":35,"column":2},"end":{"line":97,"column":13}},"9":{"start":{"line":36,"column":28},"end":{"line":44,"column":5}},"10":{"start":{"line":37,"column":6},"end":{"line":43,"column":7}},"11":{"start":{"line":38,"column":8},"end":{"line":40,"column":11}},"12":{"start":{"line":39,"column":10},"end":{"line":39,"column":30}},"13":{"start":{"line":42,"column":8},"end":{"line":42,"column":48}},"14":{"start":{"line":45,"column":29},"end":{"line":53,"column":5}},"15":{"start":{"line":46,"column":6},"end":{"line":52,"column":7}},"16":{"start":{"line":47,"column":8},"end":{"line":49,"column":11}},"17":{"start":{"line":48,"column":10},"end":{"line":48,"column":31}},"18":{"start":{"line":51,"column":8},"end":{"line":51,"column":49}},"19":{"start":{"line":54,"column":29},"end":{"line":62,"column":5}},"20":{"start":{"line":55,"column":6},"end":{"line":61,"column":7}},"21":{"start":{"line":56,"column":8},"end":{"line":58,"column":11}},"22":{"start":{"line":57,"column":10},"end":{"line":57,"column":31}},"23":{"start":{"line":60,"column":8},"end":{"line":60,"column":49}},"24":{"start":{"line":63,"column":28},"end":{"line":71,"column":5}},"25":{"start":{"line":64,"column":6},"end":{"line":70,"column":7}},"26":{"start":{"line":65,"column":8},"end":{"line":67,"column":11}},"27":{"start":{"line":66,"column":10},"end":{"line":66,"column":36}},"28":{"start":{"line":69,"column":8},"end":{"line":69,"column":48}},"29":{"start":{"line":72,"column":42},"end":{"line":80,"column":5}},"30":{"start":{"line":73,"column":6},"end":{"line":79,"column":7}},"31":{"start":{"line":74,"column":8},"end":{"line":76,"column":11}},"32":{"start":{"line":75,"column":10},"end":{"line":75,"column":38}},"33":{"start":{"line":78,"column":8},"end":{"line":78,"column":53}},"34":{"start":{"line":81,"column":42},"end":{"line":89,"column":5}},"35":{"start":{"line":82,"column":6},"end":{"line":88,"column":7}},"36":{"start":{"line":83,"column":8},"end":{"line":85,"column":11}},"37":{"start":{"line":84,"column":10},"end":{"line":84,"column":94}},"38":{"start":{"line":84,"column":51},"end":{"line":84,"column":80}},"39":{"start":{"line":87,"column":8},"end":{"line":87,"column":52}},"40":{"start":{"line":91,"column":4},"end":{"line":91,"column":22}},"41":{"start":{"line":92,"column":4},"end":{"line":92,"column":23}},"42":{"start":{"line":93,"column":4},"end":{"line":93,"column":23}},"43":{"start":{"line":94,"column":4},"end":{"line":94,"column":22}},"44":{"start":{"line":95,"column":4},"end":{"line":95,"column":36}},"45":{"start":{"line":96,"column":4},"end":{"line":96,"column":36}},"46":{"start":{"line":99,"column":2},"end":{"line":158,"column":4}}},"fnMap":{"0":{"name":"AppView","decl":{"start":{"line":24,"column":24},"end":{"line":24,"column":31}},"loc":{"start":{"line":24,"column":34},"end":{"line":159,"column":1}},"line":24},"1":{"name":"(anonymous_1)","decl":{"start":{"line":35,"column":12},"end":{"line":35,"column":13}},"loc":{"start":{"line":35,"column":18},"end":{"line":97,"column":3}},"line":35},"2":{"name":"(anonymous_2)","decl":{"start":{"line":36,"column":28},"end":{"line":36,"column":29}},"loc":{"start":{"line":36,"column":40},"end":{"line":44,"column":5}},"line":36},"3":{"name":"(anonymous_3)","decl":{"start":{"line":38,"column":42},"end":{"line":38,"column":43}},"loc":{"start":{"line":38,"column":52},"end":{"line":40,"column":9}},"line":38},"4":{"name":"(anonymous_4)","decl":{"start":{"line":45,"column":29},"end":{"line":45,"column":30}},"loc":{"start":{"line":45,"column":41},"end":{"line":53,"column":5}},"line":45},"5":{"name":"(anonymous_5)","decl":{"start":{"line":47,"column":43},"end":{"line":47,"column":44}},"loc":{"start":{"line":47,"column":53},"end":{"line":49,"column":9}},"line":47},"6":{"name":"(anonymous_6)","decl":{"start":{"line":54,"column":29},"end":{"line":54,"column":30}},"loc":{"start":{"line":54,"column":41},"end":{"line":62,"column":5}},"line":54},"7":{"name":"(anonymous_7)","decl":{"start":{"line":56,"column":43},"end":{"line":56,"column":44}},"loc":{"start":{"line":56,"column":53},"end":{"line":58,"column":9}},"line":56},"8":{"name":"(anonymous_8)","decl":{"start":{"line":63,"column":28},"end":{"line":63,"column":29}},"loc":{"start":{"line":63,"column":40},"end":{"line":71,"column":5}},"line":63},"9":{"name":"(anonymous_9)","decl":{"start":{"line":65,"column":52},"end":{"line":65,"column":53}},"loc":{"start":{"line":65,"column":62},"end":{"line":67,"column":9}},"line":65},"10":{"name":"(anonymous_10)","decl":{"start":{"line":72,"column":42},"end":{"line":72,"column":43}},"loc":{"start":{"line":72,"column":54},"end":{"line":80,"column":5}},"line":72},"11":{"name":"(anonymous_11)","decl":{"start":{"line":74,"column":53},"end":{"line":74,"column":54}},"loc":{"start":{"line":74,"column":63},"end":{"line":76,"column":9}},"line":74},"12":{"name":"(anonymous_12)","decl":{"start":{"line":81,"column":42},"end":{"line":81,"column":43}},"loc":{"start":{"line":81,"column":54},"end":{"line":89,"column":5}},"line":81},"13":{"name":"(anonymous_13)","decl":{"start":{"line":83,"column":53},"end":{"line":83,"column":54}},"loc":{"start":{"line":83,"column":63},"end":{"line":85,"column":9}},"line":83},"14":{"name":"(anonymous_14)","decl":{"start":{"line":84,"column":40},"end":{"line":84,"column":41}},"loc":{"start":{"line":84,"column":51},"end":{"line":84,"column":80}},"line":84}},"branchMap":{"0":{"loc":{"start":{"line":110,"column":19},"end":{"line":110,"column":75}},"type":"cond-expr","locations":[{"start":{"line":110,"column":45},"end":{"line":110,"column":71}},{"start":{"line":110,"column":74},"end":{"line":110,"column":75}}],"line":110},"1":{"loc":{"start":{"line":119,"column":19},"end":{"line":119,"column":67}},"type":"cond-expr","locations":[{"start":{"line":119,"column":46},"end":{"line":119,"column":63}},{"start":{"line":119,"column":66},"end":{"line":119,"column":67}}],"line":119},"2":{"loc":{"start":{"line":129,"column":19},"end":{"line":129,"column":67}},"type":"cond-expr","locations":[{"start":{"line":129,"column":46},"end":{"line":129,"column":63}},{"start":{"line":129,"column":66},"end":{"line":129,"column":67}}],"line":129},"3":{"loc":{"start":{"line":139,"column":19},"end":{"line":139,"column":79}},"type":"cond-expr","locations":[{"start":{"line":139,"column":51},"end":{"line":139,"column":75}},{"start":{"line":139,"column":78},"end":{"line":139,"column":79}}],"line":139}},"s":{"0":5,"1":4,"2":4,"3":4,"4":4,"5":4,"6":4,"7":4,"8":4,"9":3,"10":3,"11":3,"12":3,"13":0,"14":3,"15":3,"16":3,"17":3,"18":0,"19":3,"20":3,"21":3,"22":3,"23":0,"24":3,"25":3,"26":3,"27":3,"28":0,"29":3,"30":3,"31":3,"32":3,"33":0,"34":3,"35":3,"36":3,"37":3,"38":6,"39":0,"40":3,"41":3,"42":3,"43":3,"44":3,"45":3,"46":4},"f":{"0":5,"1":3,"2":3,"3":3,"4":3,"5":3,"6":3,"7":3,"8":3,"9":3,"10":3,"11":3,"12":3,"13":3,"14":6},"b":{"0":[4,0],"1":[4,0],"2":[4,0],"3":[4,0]},"_coverageSchema":"1a1c01bbd47fc00a2c39e90264f33305004495a9","hash":"f13765ccefa520473208e10e87be3095f2bc897c"}
,"C:\\Users\\tgdzi\\Desktop\\Code\\TheDebtCollectorsRepository\\Frontend\\src\\sections\\overview\\view\\index.js": {"path":"C:\\Users\\tgdzi\\Desktop\\Code\\TheDebtCollectorsRepository\\Frontend\\src\\sections\\overview\\view\\index.js","statementMap":{},"fnMap":{},"branchMap":{},"s":{},"f":{},"b":{},"_coverageSchema":"1a1c01bbd47fc00a2c39e90264f33305004495a9","hash":"710ece487abd8c2b46c2bc5d3179a2f5026e09db"}
}
