TN:
SF:src\components\iconify\iconify.jsx
FN:9,(anonymous_0)
FNF:1
FNH:1
FNDA:24,(anonymous_0)
DA:9,3
DA:10,24
DA:20,3
LF:3
LH:3
BRDA:9,0,0,24
BRF:1
BRH:1
end_of_record
TN:
SF:src\components\iconify\index.js
FNF:0
FNH:0
LF:0
LH:0
BRF:0
BRH:0
end_of_record
TN:
SF:src\components\label\index.js
FNF:0
FNH:0
LF:0
LH:0
BRF:0
BRH:0
end_of_record
TN:
SF:src\components\label\label.jsx
FN:12,(anonymous_0)
FNF:1
FNH:1
FNDA:2,(anonymous_0)
DA:11,2
DA:13,2
DA:15,2
DA:21,2
DA:44,2
LF:5
LH:5
BRDA:12,0,0,0
BRDA:12,1,0,2
BRDA:27,2,0,2
BRDA:27,2,1,0
BRDA:28,3,0,2
BRDA:28,3,1,0
BRDA:34,4,0,2
BRDA:34,4,1,0
BRDA:38,5,0,2
BRDA:38,5,1,0
BRF:10
BRH:5
end_of_record
TN:
SF:src\components\label\styles.js
FN:6,(anonymous_0)
FNF:1
FNH:1
FNDA:2,(anonymous_0)
DA:6,2
DA:7,2
DA:9,2
DA:11,2
DA:13,2
DA:15,2
DA:36,2
DA:57,2
LF:8
LH:8
BRDA:16,0,0,2
BRDA:16,0,1,0
BRDA:18,1,0,0
BRDA:18,1,1,0
BRDA:19,2,0,0
BRDA:19,2,1,0
BRDA:23,3,0,0
BRDA:23,3,1,0
BRDA:29,4,0,0
BRDA:29,4,1,0
BRDA:37,5,0,2
BRDA:37,5,1,2
BRDA:39,6,0,2
BRDA:39,6,1,0
BRDA:44,7,0,2
BRDA:44,7,1,0
BRDA:50,8,0,2
BRDA:50,8,1,2
BRDA:51,9,0,2
BRDA:51,9,1,0
BRF:20
BRH:8
end_of_record
TN:
SF:src\routes\hooks\index.js
FNF:0
FNH:0
LF:0
LH:0
BRF:0
BRH:0
end_of_record
TN:
SF:src\routes\hooks\use-pathname.js
FN:6,usePathname
FN:9,(anonymous_1)
FNF:2
FNH:2
FNDA:7,usePathname
FNDA:5,(anonymous_1)
DA:7,7
DA:9,6
LF:2
LH:2
BRF:0
BRH:0
end_of_record
TN:
SF:src\routes\hooks\use-router.js
FN:6,useRouter
FN:10,(anonymous_1)
FN:11,(anonymous_2)
FN:12,(anonymous_3)
FN:13,(anonymous_4)
FN:14,(anonymous_5)
FN:15,(anonymous_6)
FNF:7
FNH:2
FNDA:2,useRouter
FNDA:2,(anonymous_1)
FNDA:0,(anonymous_2)
FNDA:0,(anonymous_3)
FNDA:0,(anonymous_4)
FNDA:0,(anonymous_5)
FNDA:0,(anonymous_6)
DA:7,2
DA:9,2
DA:10,2
DA:11,0
DA:12,0
DA:13,0
DA:14,0
DA:15,0
DA:20,2
LF:9
LH:4
BRF:0
BRH:0
end_of_record
TN:
SF:src\sections\announcements\hooks\utils.js
FN:13,emptyRows
FN:17,descendingComparator
FN:32,getComparator
FN:34,(anonymous_3)
FN:35,(anonymous_4)
FN:38,applyFilter
FN:39,(anonymous_6)
FN:41,(anonymous_7)
FN:47,(anonymous_8)
FN:51,(anonymous_9)
FNF:10
FNH:1
FNDA:3,emptyRows
FNDA:0,descendingComparator
FNDA:0,getComparator
FNDA:0,(anonymous_3)
FNDA:0,(anonymous_4)
FNDA:0,applyFilter
FNDA:0,(anonymous_6)
FNDA:0,(anonymous_7)
FNDA:0,(anonymous_8)
FNDA:0,(anonymous_9)
DA:1,1
DA:14,3
DA:18,0
DA:19,0
DA:21,0
DA:22,0
DA:24,0
DA:25,0
DA:27,0
DA:28,0
DA:30,0
DA:33,0
DA:34,0
DA:35,0
DA:39,0
DA:41,0
DA:42,0
DA:43,0
DA:44,0
DA:47,0
DA:49,0
DA:50,0
DA:51,0
DA:55,0
LF:24
LH:2
BRDA:14,0,0,0
BRDA:14,0,1,3
BRDA:18,1,0,0
BRDA:18,1,1,0
BRDA:21,2,0,0
BRDA:21,2,1,0
BRDA:24,3,0,0
BRDA:24,3,1,0
BRDA:27,4,0,0
BRDA:27,4,1,0
BRDA:33,5,0,0
BRDA:33,5,1,0
BRDA:43,6,0,0
BRDA:43,6,1,0
BRDA:49,7,0,0
BRDA:49,7,1,0
BRF:16
BRH:1
end_of_record
TN:
SF:src\sections\announcements\view\announcements-view.jsx
FN:35,AnnouncementsView
FN:50,(anonymous_1)
FN:51,(anonymous_2)
FN:54,(anonymous_3)
FN:72,(anonymous_4)
FN:76,(anonymous_5)
FN:80,(anonymous_6)
FN:81,(anonymous_7)
FN:117,(anonymous_8)
FN:138,(anonymous_9)
FN:162,(anonymous_10)
FN:173,(anonymous_11)
FN:177,(anonymous_12)
FN:182,(anonymous_13)
FN:229,(anonymous_14)
FNF:15
FNH:11
FNDA:14,AnnouncementsView
FNDA:8,(anonymous_1)
FNDA:4,(anonymous_2)
FNDA:3,(anonymous_3)
FNDA:1,(anonymous_4)
FNDA:1,(anonymous_5)
FNDA:1,(anonymous_6)
FNDA:1,(anonymous_7)
FNDA:2,(anonymous_8)
FNDA:0,(anonymous_9)
FNDA:6,(anonymous_10)
FNDA:0,(anonymous_11)
FNDA:0,(anonymous_12)
FNDA:0,(anonymous_13)
FNDA:6,(anonymous_14)
DA:36,14
DA:37,14
DA:38,14
DA:40,14
DA:41,13
DA:43,13
DA:44,13
DA:45,13
DA:46,13
DA:48,13
DA:50,13
DA:51,8
DA:52,4
DA:53,4
DA:54,4
DA:55,3
DA:57,3
DA:59,1
DA:62,8
DA:63,4
DA:64,4
DA:69,13
DA:70,13
DA:72,13
DA:73,1
DA:76,13
DA:77,1
DA:80,13
DA:81,1
DA:82,1
DA:83,1
DA:84,1
DA:85,1
DA:86,1
DA:89,1
DA:93,13
DA:118,2
DA:139,0
DA:156,13
DA:162,13
DA:163,6
DA:173,13
DA:174,0
DA:177,13
DA:178,0
DA:179,0
DA:182,13
DA:183,0
DA:186,13
DA:229,6
LF:50
LH:45
BRDA:62,0,0,4
BRDA:62,0,1,4
BRDA:82,1,0,1
BRDA:82,1,1,0
BRDA:190,2,0,0
BRDA:190,2,1,13
BRDA:209,3,0,10
BRDA:209,3,1,3
BRDA:211,4,0,1
BRDA:211,4,1,9
BRF:10
BRH:8
end_of_record
TN:
SF:src\sections\announcements\view\index.js
FNF:0
FNH:0
LF:0
LH:0
BRF:0
BRH:0
end_of_record
TN:
SF:src\sections\expenses\hooks\utils.js
FN:13,emptyRows
FN:17,descendingComparator
FN:32,getComparator
FN:34,(anonymous_3)
FN:35,(anonymous_4)
FN:38,applyFilter
FN:39,(anonymous_6)
FN:41,(anonymous_7)
FN:47,(anonymous_8)
FN:51,(anonymous_9)
FNF:10
FNH:8
FNDA:1,emptyRows
FNDA:1,descendingComparator
FNDA:9,getComparator
FNDA:0,(anonymous_3)
FNDA:1,(anonymous_4)
FNDA:9,applyFilter
FNDA:2,(anonymous_6)
FNDA:1,(anonymous_7)
FNDA:2,(anonymous_8)
FNDA:0,(anonymous_9)
DA:1,1
DA:14,1
DA:18,1
DA:19,0
DA:21,1
DA:22,0
DA:24,1
DA:25,0
DA:27,1
DA:28,0
DA:30,1
DA:33,9
DA:34,0
DA:35,1
DA:39,9
DA:41,9
DA:42,1
DA:43,1
DA:44,1
DA:47,9
DA:49,9
DA:50,0
DA:51,0
DA:55,9
LF:24
LH:17
BRDA:14,0,0,0
BRDA:14,0,1,1
BRDA:18,1,0,0
BRDA:18,1,1,1
BRDA:21,2,0,0
BRDA:21,2,1,1
BRDA:24,3,0,0
BRDA:24,3,1,1
BRDA:27,4,0,0
BRDA:27,4,1,1
BRDA:33,5,0,0
BRDA:33,5,1,9
BRDA:43,6,0,0
BRDA:43,6,1,1
BRDA:49,7,0,0
BRDA:49,7,1,9
BRF:16
BRH:8
end_of_record
TN:
SF:src\sections\expenses\view\expenses-view.jsx
FN:42,ExpensesView
FN:60,(anonymous_1)
FN:61,(anonymous_2)
FN:64,(anonymous_3)
FN:67,(anonymous_4)
FN:82,(anonymous_5)
FN:90,(anonymous_6)
FN:94,(anonymous_7)
FN:99,(anonymous_8)
FN:112,(anonymous_9)
FN:123,(anonymous_10)
FN:142,(anonymous_11)
FN:146,(anonymous_12)
FN:154,(anonymous_13)
FN:158,(anonymous_14)
FN:162,(anonymous_15)
FN:164,(anonymous_16)
FN:201,(anonymous_17)
FN:209,(anonymous_18)
FN:227,(anonymous_19)
FN:251,(anonymous_20)
FN:315,(anonymous_21)
FNF:22
FNH:9
FNDA:10,ExpensesView
FNDA:6,(anonymous_1)
FNDA:3,(anonymous_2)
FNDA:2,(anonymous_3)
FNDA:2,(anonymous_4)
FNDA:0,(anonymous_5)
FNDA:0,(anonymous_6)
FNDA:0,(anonymous_7)
FNDA:0,(anonymous_8)
FNDA:0,(anonymous_9)
FNDA:2,(anonymous_10)
FNDA:1,(anonymous_11)
FNDA:0,(anonymous_12)
FNDA:0,(anonymous_13)
FNDA:0,(anonymous_14)
FNDA:0,(anonymous_15)
FNDA:0,(anonymous_16)
FNDA:45,(anonymous_17)
FNDA:0,(anonymous_18)
FNDA:0,(anonymous_19)
FNDA:0,(anonymous_20)
FNDA:2,(anonymous_21)
DA:43,10
DA:44,10
DA:46,10
DA:47,9
DA:48,9
DA:49,9
DA:50,9
DA:52,9
DA:53,9
DA:54,9
DA:55,9
DA:56,9
DA:58,9
DA:60,9
DA:61,6
DA:62,3
DA:63,3
DA:64,3
DA:65,2
DA:67,2
DA:68,2
DA:70,2
DA:72,1
DA:75,6
DA:76,3
DA:77,3
DA:82,9
DA:83,0
DA:84,0
DA:85,0
DA:86,0
DA:90,9
DA:91,0
DA:94,9
DA:95,0
DA:96,0
DA:99,9
DA:100,0
DA:101,0
DA:104,9
DA:110,9
DA:112,9
DA:113,0
DA:116,9
DA:123,9
DA:124,2
DA:137,9
DA:138,9
DA:139,9
DA:140,9
DA:142,9
DA:143,1
DA:146,9
DA:147,0
DA:148,0
DA:149,0
DA:150,0
DA:151,0
DA:154,9
DA:155,0
DA:158,9
DA:159,0
DA:162,9
DA:163,0
DA:164,0
DA:165,0
DA:166,0
DA:167,0
DA:168,0
DA:169,0
DA:170,0
DA:171,0
DA:174,0
DA:177,9
DA:180,9
DA:202,45
DA:210,0
DA:228,0
DA:252,0
DA:268,9
DA:315,2
LF:81
LH:51
BRDA:75,0,0,3
BRDA:75,0,1,3
BRDA:83,1,0,0
BRDA:83,1,1,0
BRDA:84,2,0,0
BRDA:84,2,1,0
BRDA:85,3,0,0
BRDA:85,3,1,0
BRDA:110,4,0,9
BRDA:110,4,1,8
BRDA:163,5,0,0
BRDA:163,5,1,0
BRDA:165,6,0,0
BRDA:165,6,1,0
BRDA:216,7,0,0
BRDA:216,7,1,9
BRDA:295,8,0,8
BRDA:295,8,1,1
BRDA:297,9,0,1
BRDA:297,9,1,7
BRDA:322,10,0,1
BRDA:322,10,1,0
BRF:22
BRH:10
end_of_record
TN:
SF:src\sections\expenses\view\index.js
FNF:0
FNH:0
LF:0
LH:0
BRF:0
BRH:0
end_of_record
TN:
SF:src\sections\overview\components\app-balances.jsx
FN:18,AppBalances
FN:27,(anonymous_1)
FN:40,(anonymous_2)
FN:61,BalanceItem
FN:69,(anonymous_4)
FN:84,(anonymous_5)
FNF:6
FNH:5
FNDA:4,AppBalances
FNDA:1,(anonymous_1)
FNDA:3,(anonymous_2)
FNDA:1,BalanceItem
FNDA:0,(anonymous_4)
FNDA:1,(anonymous_5)
DA:19,4
DA:27,1
DA:40,3
DA:53,1
DA:62,1
DA:63,1
DA:64,1
DA:66,1
DA:67,1
DA:69,1
DA:70,0
DA:73,1
DA:84,1
DA:98,1
LF:14
LH:13
BRDA:25,0,0,1
BRDA:25,0,1,3
BRF:2
BRH:2
end_of_record
TN:
SF:src\sections\overview\components\app-requests.jsx
FN:18,AppRequests
FN:27,(anonymous_1)
FN:42,(anonymous_2)
FN:63,RequestItem
FN:71,(anonymous_4)
FN:86,(anonymous_5)
FNF:6
FNH:5
FNDA:4,AppRequests
FNDA:1,(anonymous_1)
FNDA:3,(anonymous_2)
FNDA:1,RequestItem
FNDA:0,(anonymous_4)
FNDA:1,(anonymous_5)
DA:19,4
DA:28,1
DA:42,3
DA:55,1
DA:64,1
DA:65,1
DA:66,1
DA:68,1
DA:69,1
DA:71,1
DA:72,0
DA:75,1
DA:86,1
DA:100,1
LF:14
LH:13
BRDA:25,0,0,1
BRDA:25,0,1,3
BRF:2
BRH:2
end_of_record
TN:
SF:src\sections\overview\components\app-widget-summary.jsx
FN:10,AppWidgetSummary
FNF:1
FNH:1
FNDA:16,AppWidgetSummary
DA:11,16
DA:37,1
LF:2
LH:2
BRDA:10,0,0,0
BRDA:24,1,0,16
BRDA:24,1,1,16
BRF:3
BRH:2
end_of_record
TN:
SF:src\sections\overview\view\app-view.jsx
FN:24,AppView
FN:35,(anonymous_1)
FN:36,(anonymous_2)
FN:38,(anonymous_3)
FN:45,(anonymous_4)
FN:47,(anonymous_5)
FN:54,(anonymous_6)
FN:56,(anonymous_7)
FN:63,(anonymous_8)
FN:65,(anonymous_9)
FN:72,(anonymous_10)
FN:74,(anonymous_11)
FN:81,(anonymous_12)
FN:83,(anonymous_13)
FN:84,(anonymous_14)
FNF:15
FNH:15
FNDA:5,AppView
FNDA:3,(anonymous_1)
FNDA:3,(anonymous_2)
FNDA:3,(anonymous_3)
FNDA:3,(anonymous_4)
FNDA:3,(anonymous_5)
FNDA:3,(anonymous_6)
FNDA:3,(anonymous_7)
FNDA:3,(anonymous_8)
FNDA:3,(anonymous_9)
FNDA:3,(anonymous_10)
FNDA:3,(anonymous_11)
FNDA:3,(anonymous_12)
FNDA:3,(anonymous_13)
FNDA:6,(anonymous_14)
DA:25,5
DA:26,4
DA:28,4
DA:29,4
DA:30,4
DA:31,4
DA:32,4
DA:33,4
DA:35,4
DA:36,3
DA:37,3
DA:38,3
DA:39,3
DA:42,0
DA:45,3
DA:46,3
DA:47,3
DA:48,3
DA:51,0
DA:54,3
DA:55,3
DA:56,3
DA:57,3
DA:60,0
DA:63,3
DA:64,3
DA:65,3
DA:66,3
DA:69,0
DA:72,3
DA:73,3
DA:74,3
DA:75,3
DA:78,0
DA:81,3
DA:82,3
DA:83,3
DA:84,6
DA:87,0
DA:91,3
DA:92,3
DA:93,3
DA:94,3
DA:95,3
DA:96,3
DA:99,4
LF:46
LH:40
BRDA:110,0,0,4
BRDA:110,0,1,0
BRDA:119,1,0,4
BRDA:119,1,1,0
BRDA:129,2,0,4
BRDA:129,2,1,0
BRDA:139,3,0,4
BRDA:139,3,1,0
BRF:8
BRH:4
end_of_record
TN:
SF:src\sections\overview\view\index.js
FNF:0
FNH:0
LF:0
LH:0
BRF:0
BRH:0
end_of_record
