TN:
SF:src\components\iconify\iconify.jsx
FN:9,(anonymous_0)
FNF:1
FNH:1
FNDA:2,(anonymous_0)
DA:9,1
DA:10,2
DA:20,1
LF:3
LH:3
BRDA:9,0,0,2
BRF:1
BRH:1
end_of_record
TN:
SF:src\components\iconify\index.js
FNF:0
FNH:0
LF:0
LH:0
BRF:0
BRH:0
end_of_record
TN:
SF:src\routes\hooks\index.js
FNF:0
FNH:0
LF:0
LH:0
BRF:0
BRH:0
end_of_record
TN:
SF:src\routes\hooks\use-pathname.js
FN:6,usePathname
FN:9,(anonymous_1)
FNF:2
FNH:2
FNDA:7,usePathname
FNDA:5,(anonymous_1)
DA:7,7
DA:9,6
LF:2
LH:2
BRF:0
BRH:0
end_of_record
TN:
SF:src\routes\hooks\use-router.js
FN:6,useRouter
FN:10,(anonymous_1)
FN:11,(anonymous_2)
FN:12,(anonymous_3)
FN:13,(anonymous_4)
FN:14,(anonymous_5)
FN:15,(anonymous_6)
FNF:7
FNH:2
FNDA:2,useRouter
FNDA:2,(anonymous_1)
FNDA:0,(anonymous_2)
FNDA:0,(anonymous_3)
FNDA:0,(anonymous_4)
FNDA:0,(anonymous_5)
FNDA:0,(anonymous_6)
DA:7,2
DA:9,2
DA:10,2
DA:11,0
DA:12,0
DA:13,0
DA:14,0
DA:15,0
DA:20,2
LF:9
LH:4
BRF:0
BRH:0
end_of_record
TN:
SF:src\sections\overview\components\app-balances.jsx
FN:18,AppBalances
FN:27,(anonymous_1)
FN:40,(anonymous_2)
FN:61,BalanceItem
FN:69,(anonymous_4)
FN:84,(anonymous_5)
FNF:6
FNH:5
FNDA:4,AppBalances
FNDA:1,(anonymous_1)
FNDA:3,(anonymous_2)
FNDA:1,BalanceItem
FNDA:0,(anonymous_4)
FNDA:1,(anonymous_5)
DA:19,4
DA:27,1
DA:40,3
DA:53,1
DA:62,1
DA:63,1
DA:64,1
DA:66,1
DA:67,1
DA:69,1
DA:70,0
DA:73,1
DA:84,1
DA:98,1
LF:14
LH:13
BRDA:25,0,0,1
BRDA:25,0,1,3
BRF:2
BRH:2
end_of_record
TN:
SF:src\sections\overview\components\app-requests.jsx
FN:18,AppRequests
FN:27,(anonymous_1)
FN:42,(anonymous_2)
FN:63,RequestItem
FN:71,(anonymous_4)
FN:86,(anonymous_5)
FNF:6
FNH:5
FNDA:4,AppRequests
FNDA:1,(anonymous_1)
FNDA:3,(anonymous_2)
FNDA:1,RequestItem
FNDA:0,(anonymous_4)
FNDA:1,(anonymous_5)
DA:19,4
DA:28,1
DA:42,3
DA:55,1
DA:64,1
DA:65,1
DA:66,1
DA:68,1
DA:69,1
DA:71,1
DA:72,0
DA:75,1
DA:86,1
DA:100,1
LF:14
LH:13
BRDA:25,0,0,1
BRDA:25,0,1,3
BRF:2
BRH:2
end_of_record
TN:
SF:src\sections\overview\components\app-widget-summary.jsx
FN:10,AppWidgetSummary
FNF:1
FNH:1
FNDA:16,AppWidgetSummary
DA:11,16
DA:37,1
LF:2
LH:2
BRDA:10,0,0,0
BRDA:24,1,0,16
BRDA:24,1,1,16
BRF:3
BRH:2
end_of_record
TN:
SF:src\sections\overview\view\app-view.jsx
FN:24,AppView
FN:35,(anonymous_1)
FN:36,(anonymous_2)
FN:38,(anonymous_3)
FN:45,(anonymous_4)
FN:47,(anonymous_5)
FN:54,(anonymous_6)
FN:56,(anonymous_7)
FN:63,(anonymous_8)
FN:65,(anonymous_9)
FN:72,(anonymous_10)
FN:74,(anonymous_11)
FN:81,(anonymous_12)
FN:83,(anonymous_13)
FN:84,(anonymous_14)
FNF:15
FNH:15
FNDA:5,AppView
FNDA:3,(anonymous_1)
FNDA:3,(anonymous_2)
FNDA:3,(anonymous_3)
FNDA:3,(anonymous_4)
FNDA:3,(anonymous_5)
FNDA:3,(anonymous_6)
FNDA:3,(anonymous_7)
FNDA:3,(anonymous_8)
FNDA:3,(anonymous_9)
FNDA:3,(anonymous_10)
FNDA:3,(anonymous_11)
FNDA:3,(anonymous_12)
FNDA:3,(anonymous_13)
FNDA:6,(anonymous_14)
DA:25,5
DA:26,4
DA:28,4
DA:29,4
DA:30,4
DA:31,4
DA:32,4
DA:33,4
DA:35,4
DA:36,3
DA:37,3
DA:38,3
DA:39,3
DA:42,0
DA:45,3
DA:46,3
DA:47,3
DA:48,3
DA:51,0
DA:54,3
DA:55,3
DA:56,3
DA:57,3
DA:60,0
DA:63,3
DA:64,3
DA:65,3
DA:66,3
DA:69,0
DA:72,3
DA:73,3
DA:74,3
DA:75,3
DA:78,0
DA:81,3
DA:82,3
DA:83,3
DA:84,6
DA:87,0
DA:91,3
DA:92,3
DA:93,3
DA:94,3
DA:95,3
DA:96,3
DA:99,4
LF:46
LH:40
BRDA:110,0,0,4
BRDA:110,0,1,0
BRDA:119,1,0,4
BRDA:119,1,1,0
BRDA:129,2,0,4
BRDA:129,2,1,0
BRDA:139,3,0,4
BRDA:139,3,1,0
BRF:8
BRH:4
end_of_record
TN:
SF:src\sections\overview\view\index.js
FNF:0
FNH:0
LF:0
LH:0
BRF:0
BRH:0
end_of_record
