{"/Users/raymondiacobacci/glonet-original/TheDebtCollectorsRepository/Backend/src/utils.js": {"path":"/Users/raymondiacobacci/glonet-original/TheDebtCollectorsRepository/Backend/src/utils.js","statementMap":{"0":{"start":{"line":1,"column":14},"end":{"line":1,"column":30}},"1":{"start":{"line":2,"column":14},"end":{"line":2,"column":30}},"2":{"start":{"line":3,"column":0},"end":{"line":3,"column":46}},"3":{"start":{"line":5,"column":13},"end":{"line":12,"column":4}},"4":{"start":{"line":14,"column":21},"end":{"line":31,"column":1}},"5":{"start":{"line":15,"column":2},"end":{"line":30,"column":5}},"6":{"start":{"line":16,"column":4},"end":{"line":29,"column":7}},"7":{"start":{"line":17,"column":6},"end":{"line":20,"column":7}},"8":{"start":{"line":18,"column":8},"end":{"line":18,"column":20}},"9":{"start":{"line":19,"column":8},"end":{"line":19,"column":15}},"10":{"start":{"line":21,"column":6},"end":{"line":28,"column":9}},"11":{"start":{"line":22,"column":8},"end":{"line":22,"column":29}},"12":{"start":{"line":23,"column":8},"end":{"line":26,"column":9}},"13":{"start":{"line":24,"column":10},"end":{"line":24,"column":27}},"14":{"start":{"line":25,"column":10},"end":{"line":25,"column":26}},"15":{"start":{"line":27,"column":8},"end":{"line":27,"column":25}},"16":{"start":{"line":33,"column":21},"end":{"line":38,"column":1}},"17":{"start":{"line":34,"column":2},"end":{"line":36,"column":3}},"18":{"start":{"line":35,"column":4},"end":{"line":35,"column":55}},"19":{"start":{"line":37,"column":2},"end":{"line":37,"column":14}},"20":{"start":{"line":41,"column":4},"end":{"line":51,"column":5}},"21":{"start":{"line":42,"column":20},"end":{"line":42,"column":89}},"22":{"start":{"line":43,"column":25},"end":{"line":47,"column":10}},"23":{"start":{"line":48,"column":8},"end":{"line":48,"column":29}},"24":{"start":{"line":50,"column":8},"end":{"line":50,"column":20}},"25":{"start":{"line":55,"column":17},"end":{"line":55,"column":43}},"26":{"start":{"line":56,"column":2},"end":{"line":56,"column":65}},"27":{"start":{"line":60,"column":24},"end":{"line":60,"column":102}},"28":{"start":{"line":61,"column":2},"end":{"line":63,"column":3}},"29":{"start":{"line":62,"column":6},"end":{"line":62,"column":22}},"30":{"start":{"line":64,"column":25},"end":{"line":64,"column":106}},"31":{"start":{"line":65,"column":2},"end":{"line":67,"column":3}},"32":{"start":{"line":66,"column":6},"end":{"line":66,"column":23}},"33":{"start":{"line":68,"column":2},"end":{"line":68,"column":14}},"34":{"start":{"line":72,"column":24},"end":{"line":72,"column":146}},"35":{"start":{"line":73,"column":25},"end":{"line":73,"column":148}},"36":{"start":{"line":74,"column":24},"end":{"line":74,"column":146}},"37":{"start":{"line":76,"column":16},"end":{"line":76,"column":129}},"38":{"start":{"line":77,"column":2},"end":{"line":77,"column":17}},"39":{"start":{"line":80,"column":0},"end":{"line":80,"column":97}}},"fnMap":{"0":{"name":"(anonymous_0)","decl":{"start":{"line":14,"column":21},"end":{"line":14,"column":22}},"loc":{"start":{"line":14,"column":45},"end":{"line":31,"column":1}},"line":14},"1":{"name":"(anonymous_1)","decl":{"start":{"line":15,"column":21},"end":{"line":15,"column":22}},"loc":{"start":{"line":15,"column":42},"end":{"line":30,"column":3}},"line":15},"2":{"name":"(anonymous_2)","decl":{"start":{"line":16,"column":23},"end":{"line":16,"column":24}},"loc":{"start":{"line":16,"column":44},"end":{"line":29,"column":5}},"line":16},"3":{"name":"(anonymous_3)","decl":{"start":{"line":21,"column":38},"end":{"line":21,"column":39}},"loc":{"start":{"line":21,"column":61},"end":{"line":28,"column":7}},"line":21},"4":{"name":"(anonymous_4)","decl":{"start":{"line":33,"column":21},"end":{"line":33,"column":22}},"loc":{"start":{"line":33,"column":33},"end":{"line":38,"column":1}},"line":33},"5":{"name":"sendEmail","decl":{"start":{"line":40,"column":15},"end":{"line":40,"column":24}},"loc":{"start":{"line":40,"column":51},"end":{"line":52,"column":1}},"line":40},"6":{"name":"getDate","decl":{"start":{"line":54,"column":9},"end":{"line":54,"column":16}},"loc":{"start":{"line":54,"column":19},"end":{"line":57,"column":1}},"line":54},"7":{"name":"getUserType","decl":{"start":{"line":59,"column":15},"end":{"line":59,"column":26}},"loc":{"start":{"line":59,"column":35},"end":{"line":69,"column":1}},"line":59},"8":{"name":"getBalance","decl":{"start":{"line":71,"column":15},"end":{"line":71,"column":25}},"loc":{"start":{"line":71,"column":35},"end":{"line":78,"column":1}},"line":71}},"branchMap":{"0":{"loc":{"start":{"line":14,"column":29},"end":{"line":14,"column":40}},"type":"default-arg","locations":[{"start":{"line":14,"column":38},"end":{"line":14,"column":40}}],"line":14},"1":{"loc":{"start":{"line":17,"column":6},"end":{"line":20,"column":7}},"type":"if","locations":[{"start":{"line":17,"column":6},"end":{"line":20,"column":7}},{"start":{},"end":{}}],"line":17},"2":{"loc":{"start":{"line":23,"column":8},"end":{"line":26,"column":9}},"type":"if","locations":[{"start":{"line":23,"column":8},"end":{"line":26,"column":9}},{"start":{},"end":{}}],"line":23},"3":{"loc":{"start":{"line":34,"column":2},"end":{"line":36,"column":3}},"type":"if","locations":[{"start":{"line":34,"column":2},"end":{"line":36,"column":3}},{"start":{},"end":{}}],"line":34},"4":{"loc":{"start":{"line":61,"column":2},"end":{"line":63,"column":3}},"type":"if","locations":[{"start":{"line":61,"column":2},"end":{"line":63,"column":3}},{"start":{},"end":{}}],"line":61},"5":{"loc":{"start":{"line":65,"column":2},"end":{"line":67,"column":3}},"type":"if","locations":[{"start":{"line":65,"column":2},"end":{"line":67,"column":3}},{"start":{},"end":{}}],"line":65},"6":{"loc":{"start":{"line":76,"column":23},"end":{"line":76,"column":51}},"type":"binary-expr","locations":[{"start":{"line":76,"column":23},"end":{"line":76,"column":46}},{"start":{"line":76,"column":50},"end":{"line":76,"column":51}}],"line":76},"7":{"loc":{"start":{"line":76,"column":60},"end":{"line":76,"column":89}},"type":"binary-expr","locations":[{"start":{"line":76,"column":60},"end":{"line":76,"column":84}},{"start":{"line":76,"column":88},"end":{"line":76,"column":89}}],"line":76},"8":{"loc":{"start":{"line":76,"column":100},"end":{"line":76,"column":128}},"type":"binary-expr","locations":[{"start":{"line":76,"column":100},"end":{"line":76,"column":123}},{"start":{"line":76,"column":127},"end":{"line":76,"column":128}}],"line":76}},"s":{"0":1,"1":1,"2":1,"3":1,"4":1,"5":0,"6":0,"7":0,"8":0,"9":0,"10":0,"11":0,"12":0,"13":0,"14":0,"15":0,"16":1,"17":0,"18":0,"19":0,"20":0,"21":0,"22":0,"23":0,"24":0,"25":0,"26":0,"27":0,"28":0,"29":0,"30":0,"31":0,"32":0,"33":0,"34":0,"35":0,"36":0,"37":0,"38":0,"39":1},"f":{"0":0,"1":0,"2":0,"3":0,"4":0,"5":0,"6":0,"7":0,"8":0},"b":{"0":[0],"1":[0,0],"2":[0,0],"3":[0,0],"4":[0,0],"5":[0,0],"6":[0,0],"7":[0,0],"8":[0,0]},"_coverageSchema":"1a1c01bbd47fc00a2c39e90264f33305004495a9","hash":"235cc7d7f3e7bbaad1ea9350f6a120950fdb3c9a"}
,"/Users/raymondiacobacci/glonet-original/TheDebtCollectorsRepository/Backend/src/manager/announcements.js": {"path":"/Users/raymondiacobacci/glonet-original/TheDebtCollectorsRepository/Backend/src/manager/announcements.js","statementMap":{"0":{"start":{"line":1,"column":16},"end":{"line":1,"column":34}},"1":{"start":{"line":2,"column":28},"end":{"line":2,"column":44}},"2":{"start":{"line":3,"column":34},"end":{"line":3,"column":53}},"3":{"start":{"line":5,"column":0},"end":{"line":5,"column":40}},"4":{"start":{"line":12,"column":0},"end":{"line":21,"column":3}},"5":{"start":{"line":13,"column":2},"end":{"line":20,"column":3}},"6":{"start":{"line":14,"column":22},"end":{"line":14,"column":52}},"7":{"start":{"line":15,"column":18},"end":{"line":15,"column":118}},"8":{"start":{"line":16,"column":26},"end":{"line":16,"column":51}},"9":{"start":{"line":17,"column":4},"end":{"line":17,"column":28}},"10":{"start":{"line":19,"column":4},"end":{"line":19,"column":51}},"11":{"start":{"line":28,"column":0},"end":{"line":41,"column":3}},"12":{"start":{"line":29,"column":2},"end":{"line":40,"column":3}},"13":{"start":{"line":30,"column":22},"end":{"line":30,"column":65}},"14":{"start":{"line":31,"column":18},"end":{"line":31,"column":35}},"15":{"start":{"line":32,"column":24},"end":{"line":32,"column":47}},"16":{"start":{"line":33,"column":17},"end":{"line":33,"column":26}},"17":{"start":{"line":34,"column":18},"end":{"line":34,"column":101}},"18":{"start":{"line":35,"column":19},"end":{"line":35,"column":56}},"19":{"start":{"line":36,"column":4},"end":{"line":36,"column":38}},"20":{"start":{"line":37,"column":4},"end":{"line":37,"column":24}},"21":{"start":{"line":39,"column":4},"end":{"line":39,"column":51}},"22":{"start":{"line":48,"column":0},"end":{"line":57,"column":3}},"23":{"start":{"line":49,"column":2},"end":{"line":56,"column":3}},"24":{"start":{"line":50,"column":27},"end":{"line":50,"column":55}},"25":{"start":{"line":51,"column":18},"end":{"line":51,"column":86}},"26":{"start":{"line":52,"column":4},"end":{"line":52,"column":30}},"27":{"start":{"line":53,"column":4},"end":{"line":53,"column":24}},"28":{"start":{"line":55,"column":4},"end":{"line":55,"column":51}},"29":{"start":{"line":59,"column":0},"end":{"line":59,"column":37}}},"fnMap":{"0":{"name":"(anonymous_0)","decl":{"start":{"line":12,"column":46},"end":{"line":12,"column":47}},"loc":{"start":{"line":12,"column":66},"end":{"line":21,"column":1}},"line":12},"1":{"name":"(anonymous_1)","decl":{"start":{"line":28,"column":47},"end":{"line":28,"column":48}},"loc":{"start":{"line":28,"column":67},"end":{"line":41,"column":1}},"line":28},"2":{"name":"(anonymous_2)","decl":{"start":{"line":48,"column":49},"end":{"line":48,"column":50}},"loc":{"start":{"line":48,"column":69},"end":{"line":57,"column":1}},"line":48}},"branchMap":{},"s":{"0":2,"1":2,"2":2,"3":2,"4":2,"5":2,"6":2,"7":2,"8":2,"9":2,"10":0,"11":2,"12":1,"13":1,"14":1,"15":1,"16":1,"17":1,"18":1,"19":1,"20":1,"21":0,"22":2,"23":1,"24":1,"25":1,"26":1,"27":1,"28":0,"29":2},"f":{"0":2,"1":1,"2":1},"b":{},"_coverageSchema":"1a1c01bbd47fc00a2c39e90264f33305004495a9","hash":"dbd670399f8eb883d395ec046c302741dd5f44db"}
,"/Users/raymondiacobacci/glonet-original/TheDebtCollectorsRepository/Backend/src/manager/dashboard.js": {"path":"/Users/raymondiacobacci/glonet-original/TheDebtCollectorsRepository/Backend/src/manager/dashboard.js","statementMap":{"0":{"start":{"line":1,"column":16},"end":{"line":1,"column":34}},"1":{"start":{"line":2,"column":24},"end":{"line":2,"column":40}},"2":{"start":{"line":3,"column":25},"end":{"line":3,"column":44}},"3":{"start":{"line":5,"column":0},"end":{"line":5,"column":36}},"4":{"start":{"line":7,"column":15},"end":{"line":7,"column":23}},"5":{"start":{"line":8,"column":16},"end":{"line":8,"column":25}},"6":{"start":{"line":9,"column":15},"end":{"line":9,"column":23}},"7":{"start":{"line":16,"column":0},"end":{"line":25,"column":3}},"8":{"start":{"line":17,"column":2},"end":{"line":24,"column":3}},"9":{"start":{"line":18,"column":22},"end":{"line":18,"column":52}},"10":{"start":{"line":19,"column":18},"end":{"line":19,"column":99}},"11":{"start":{"line":20,"column":20},"end":{"line":20,"column":45}},"12":{"start":{"line":21,"column":4},"end":{"line":21,"column":25}},"13":{"start":{"line":23,"column":4},"end":{"line":23,"column":92}},"14":{"start":{"line":32,"column":0},"end":{"line":41,"column":3}},"15":{"start":{"line":33,"column":2},"end":{"line":40,"column":3}},"16":{"start":{"line":34,"column":22},"end":{"line":34,"column":52}},"17":{"start":{"line":35,"column":18},"end":{"line":35,"column":131}},"18":{"start":{"line":36,"column":20},"end":{"line":36,"column":45}},"19":{"start":{"line":37,"column":4},"end":{"line":37,"column":24}},"20":{"start":{"line":39,"column":4},"end":{"line":39,"column":104}},"21":{"start":{"line":48,"column":0},"end":{"line":73,"column":3}},"22":{"start":{"line":49,"column":2},"end":{"line":72,"column":3}},"23":{"start":{"line":50,"column":22},"end":{"line":50,"column":52}},"24":{"start":{"line":51,"column":24},"end":{"line":51,"column":34}},"25":{"start":{"line":52,"column":22},"end":{"line":52,"column":84}},"26":{"start":{"line":53,"column":31},"end":{"line":53,"column":67}},"27":{"start":{"line":54,"column":29},"end":{"line":54,"column":67}},"28":{"start":{"line":56,"column":18},"end":{"line":66,"column":166}},"29":{"start":{"line":68,"column":20},"end":{"line":68,"column":45}},"30":{"start":{"line":69,"column":4},"end":{"line":69,"column":25}},"31":{"start":{"line":71,"column":4},"end":{"line":71,"column":98}},"32":{"start":{"line":80,"column":0},"end":{"line":93,"column":3}},"33":{"start":{"line":81,"column":2},"end":{"line":92,"column":3}},"34":{"start":{"line":82,"column":22},"end":{"line":82,"column":45}},"35":{"start":{"line":83,"column":26},"end":{"line":83,"column":203}},"36":{"start":{"line":84,"column":27},"end":{"line":84,"column":205}},"37":{"start":{"line":85,"column":24},"end":{"line":85,"column":201}},"38":{"start":{"line":87,"column":18},"end":{"line":87,"column":131}},"39":{"start":{"line":88,"column":4},"end":{"line":88,"column":24}},"40":{"start":{"line":91,"column":4},"end":{"line":91,"column":50}},"41":{"start":{"line":100,"column":0},"end":{"line":135,"column":3}},"42":{"start":{"line":101,"column":2},"end":{"line":134,"column":3}},"43":{"start":{"line":102,"column":22},"end":{"line":102,"column":45}},"44":{"start":{"line":103,"column":24},"end":{"line":105,"column":5}},"45":{"start":{"line":106,"column":26},"end":{"line":110,"column":7}},"46":{"start":{"line":106,"column":52},"end":{"line":110,"column":5}},"47":{"start":{"line":111,"column":21},"end":{"line":111,"column":23}},"48":{"start":{"line":112,"column":4},"end":{"line":129,"column":5}},"49":{"start":{"line":113,"column":23},"end":{"line":113,"column":38}},"50":{"start":{"line":114,"column":23},"end":{"line":114,"column":38}},"51":{"start":{"line":115,"column":24},"end":{"line":115,"column":40}},"52":{"start":{"line":116,"column":28},"end":{"line":116,"column":153}},"53":{"start":{"line":117,"column":29},"end":{"line":117,"column":155}},"54":{"start":{"line":118,"column":28},"end":{"line":118,"column":153}},"55":{"start":{"line":120,"column":20},"end":{"line":120,"column":133}},"56":{"start":{"line":121,"column":6},"end":{"line":128,"column":7}},"57":{"start":{"line":122,"column":8},"end":{"line":127,"column":11}},"58":{"start":{"line":130,"column":24},"end":{"line":130,"column":82}},"59":{"start":{"line":130,"column":48},"end":{"line":130,"column":69}},"60":{"start":{"line":131,"column":4},"end":{"line":131,"column":26}},"61":{"start":{"line":133,"column":4},"end":{"line":133,"column":50}},"62":{"start":{"line":137,"column":0},"end":{"line":137,"column":33}}},"fnMap":{"0":{"name":"(anonymous_0)","decl":{"start":{"line":16,"column":46},"end":{"line":16,"column":47}},"loc":{"start":{"line":16,"column":66},"end":{"line":25,"column":1}},"line":16},"1":{"name":"(anonymous_1)","decl":{"start":{"line":32,"column":58},"end":{"line":32,"column":59}},"loc":{"start":{"line":32,"column":78},"end":{"line":41,"column":1}},"line":32},"2":{"name":"(anonymous_2)","decl":{"start":{"line":48,"column":52},"end":{"line":48,"column":53}},"loc":{"start":{"line":48,"column":72},"end":{"line":73,"column":1}},"line":48},"3":{"name":"(anonymous_3)","decl":{"start":{"line":80,"column":42},"end":{"line":80,"column":43}},"loc":{"start":{"line":80,"column":62},"end":{"line":93,"column":1}},"line":80},"4":{"name":"(anonymous_4)","decl":{"start":{"line":100,"column":60},"end":{"line":100,"column":61}},"loc":{"start":{"line":100,"column":80},"end":{"line":135,"column":1}},"line":100},"5":{"name":"(anonymous_5)","decl":{"start":{"line":106,"column":42},"end":{"line":106,"column":43}},"loc":{"start":{"line":106,"column":52},"end":{"line":110,"column":5}},"line":106},"6":{"name":"(anonymous_6)","decl":{"start":{"line":130,"column":38},"end":{"line":130,"column":39}},"loc":{"start":{"line":130,"column":48},"end":{"line":130,"column":69}},"line":130}},"branchMap":{"0":{"loc":{"start":{"line":87,"column":25},"end":{"line":87,"column":53}},"type":"binary-expr","locations":[{"start":{"line":87,"column":25},"end":{"line":87,"column":48}},{"start":{"line":87,"column":52},"end":{"line":87,"column":53}}],"line":87},"1":{"loc":{"start":{"line":87,"column":62},"end":{"line":87,"column":91}},"type":"binary-expr","locations":[{"start":{"line":87,"column":62},"end":{"line":87,"column":86}},{"start":{"line":87,"column":90},"end":{"line":87,"column":91}}],"line":87},"2":{"loc":{"start":{"line":87,"column":102},"end":{"line":87,"column":130}},"type":"binary-expr","locations":[{"start":{"line":87,"column":102},"end":{"line":87,"column":125}},{"start":{"line":87,"column":129},"end":{"line":87,"column":130}}],"line":87},"3":{"loc":{"start":{"line":120,"column":27},"end":{"line":120,"column":55}},"type":"binary-expr","locations":[{"start":{"line":120,"column":27},"end":{"line":120,"column":50}},{"start":{"line":120,"column":54},"end":{"line":120,"column":55}}],"line":120},"4":{"loc":{"start":{"line":120,"column":64},"end":{"line":120,"column":93}},"type":"binary-expr","locations":[{"start":{"line":120,"column":64},"end":{"line":120,"column":88}},{"start":{"line":120,"column":92},"end":{"line":120,"column":93}}],"line":120},"5":{"loc":{"start":{"line":120,"column":104},"end":{"line":120,"column":132}},"type":"binary-expr","locations":[{"start":{"line":120,"column":104},"end":{"line":120,"column":127}},{"start":{"line":120,"column":131},"end":{"line":120,"column":132}}],"line":120},"6":{"loc":{"start":{"line":121,"column":6},"end":{"line":128,"column":7}},"type":"if","locations":[{"start":{"line":121,"column":6},"end":{"line":128,"column":7}},{"start":{},"end":{}}],"line":121}},"s":{"0":1,"1":1,"2":1,"3":1,"4":1,"5":1,"6":1,"7":1,"8":1,"9":1,"10":1,"11":1,"12":1,"13":0,"14":1,"15":1,"16":1,"17":1,"18":1,"19":1,"20":0,"21":1,"22":1,"23":1,"24":1,"25":1,"26":1,"27":1,"28":1,"29":1,"30":1,"31":0,"32":1,"33":1,"34":1,"35":1,"36":1,"37":1,"38":1,"39":1,"40":0,"41":1,"42":1,"43":1,"44":1,"45":1,"46":2,"47":1,"48":1,"49":2,"50":2,"51":2,"52":2,"53":2,"54":2,"55":2,"56":2,"57":2,"58":1,"59":1,"60":1,"61":0,"62":1},"f":{"0":1,"1":1,"2":1,"3":1,"4":1,"5":2,"6":1},"b":{"0":[1,0],"1":[1,0],"2":[1,0],"3":[2,0],"4":[2,0],"5":[2,0],"6":[2,0]},"_coverageSchema":"1a1c01bbd47fc00a2c39e90264f33305004495a9","hash":"7a2618870069b2a7732f70626c189c4a57f32b10"}
,"/Users/raymondiacobacci/glonet-original/TheDebtCollectorsRepository/Backend/src/manager/expenses.js": {"path":"/Users/raymondiacobacci/glonet-original/TheDebtCollectorsRepository/Backend/src/manager/expenses.js","statementMap":{"0":{"start":{"line":1,"column":16},"end":{"line":1,"column":34}},"1":{"start":{"line":2,"column":23},"end":{"line":2,"column":39}},"2":{"start":{"line":3,"column":34},"end":{"line":3,"column":53}},"3":{"start":{"line":5,"column":0},"end":{"line":5,"column":35}},"4":{"start":{"line":13,"column":0},"end":{"line":33,"column":3}},"5":{"start":{"line":14,"column":2},"end":{"line":32,"column":3}},"6":{"start":{"line":15,"column":22},"end":{"line":15,"column":52}},"7":{"start":{"line":16,"column":21},"end":{"line":16,"column":160}},"8":{"start":{"line":17,"column":4},"end":{"line":20,"column":5}},"9":{"start":{"line":18,"column":6},"end":{"line":18,"column":70}},"10":{"start":{"line":19,"column":6},"end":{"line":19,"column":13}},"11":{"start":{"line":22,"column":4},"end":{"line":28,"column":5}},"12":{"start":{"line":23,"column":6},"end":{"line":23,"column":74}},"13":{"start":{"line":25,"column":6},"end":{"line":27,"column":7}},"14":{"start":{"line":26,"column":8},"end":{"line":26,"column":76}},"15":{"start":{"line":29,"column":4},"end":{"line":29,"column":23}},"16":{"start":{"line":31,"column":4},"end":{"line":31,"column":51}},"17":{"start":{"line":40,"column":0},"end":{"line":58,"column":3}},"18":{"start":{"line":41,"column":2},"end":{"line":57,"column":3}},"19":{"start":{"line":42,"column":22},"end":{"line":42,"column":65}},"20":{"start":{"line":43,"column":19},"end":{"line":43,"column":34}},"21":{"start":{"line":44,"column":17},"end":{"line":44,"column":30}},"22":{"start":{"line":45,"column":24},"end":{"line":45,"column":44}},"23":{"start":{"line":46,"column":20},"end":{"line":46,"column":24}},"24":{"start":{"line":47,"column":17},"end":{"line":47,"column":26}},"25":{"start":{"line":48,"column":4},"end":{"line":50,"column":5}},"26":{"start":{"line":49,"column":6},"end":{"line":49,"column":60}},"27":{"start":{"line":51,"column":18},"end":{"line":51,"column":123}},"28":{"start":{"line":52,"column":19},"end":{"line":52,"column":74}},"29":{"start":{"line":53,"column":4},"end":{"line":53,"column":38}},"30":{"start":{"line":54,"column":4},"end":{"line":54,"column":24}},"31":{"start":{"line":56,"column":4},"end":{"line":56,"column":51}},"32":{"start":{"line":65,"column":0},"end":{"line":74,"column":3}},"33":{"start":{"line":66,"column":2},"end":{"line":73,"column":3}},"34":{"start":{"line":67,"column":22},"end":{"line":67,"column":45}},"35":{"start":{"line":68,"column":18},"end":{"line":68,"column":72}},"36":{"start":{"line":69,"column":4},"end":{"line":69,"column":30}},"37":{"start":{"line":70,"column":4},"end":{"line":70,"column":24}},"38":{"start":{"line":72,"column":4},"end":{"line":72,"column":51}},"39":{"start":{"line":76,"column":0},"end":{"line":76,"column":32}}},"fnMap":{"0":{"name":"(anonymous_0)","decl":{"start":{"line":13,"column":36},"end":{"line":13,"column":37}},"loc":{"start":{"line":13,"column":56},"end":{"line":33,"column":1}},"line":13},"1":{"name":"(anonymous_1)","decl":{"start":{"line":40,"column":36},"end":{"line":40,"column":37}},"loc":{"start":{"line":40,"column":56},"end":{"line":58,"column":1}},"line":40},"2":{"name":"(anonymous_2)","decl":{"start":{"line":65,"column":39},"end":{"line":65,"column":40}},"loc":{"start":{"line":65,"column":59},"end":{"line":74,"column":1}},"line":65}},"branchMap":{"0":{"loc":{"start":{"line":17,"column":4},"end":{"line":20,"column":5}},"type":"if","locations":[{"start":{"line":17,"column":4},"end":{"line":20,"column":5}},{"start":{},"end":{}}],"line":17},"1":{"loc":{"start":{"line":25,"column":6},"end":{"line":27,"column":7}},"type":"if","locations":[{"start":{"line":25,"column":6},"end":{"line":27,"column":7}},{"start":{},"end":{}}],"line":25},"2":{"loc":{"start":{"line":48,"column":4},"end":{"line":50,"column":5}},"type":"if","locations":[{"start":{"line":48,"column":4},"end":{"line":50,"column":5}},{"start":{},"end":{}}],"line":48}},"s":{"0":1,"1":1,"2":1,"3":1,"4":1,"5":1,"6":1,"7":1,"8":1,"9":0,"10":0,"11":1,"12":2,"13":2,"14":1,"15":1,"16":0,"17":1,"18":1,"19":1,"20":1,"21":1,"22":1,"23":1,"24":1,"25":1,"26":1,"27":1,"28":1,"29":1,"30":1,"31":0,"32":1,"33":1,"34":1,"35":1,"36":1,"37":1,"38":0,"39":1},"f":{"0":1,"1":1,"2":1},"b":{"0":[0,1],"1":[1,1],"2":[1,0]},"_coverageSchema":"1a1c01bbd47fc00a2c39e90264f33305004495a9","hash":"6d224677317acc6628f811f228c068115efabc0c"}
,"/Users/raymondiacobacci/glonet-original/TheDebtCollectorsRepository/Backend/src/manager/report.js": {"path":"/Users/raymondiacobacci/glonet-original/TheDebtCollectorsRepository/Backend/src/manager/report.js","statementMap":{"0":{"start":{"line":1,"column":16},"end":{"line":1,"column":34}},"1":{"start":{"line":2,"column":21},"end":{"line":2,"column":37}},"2":{"start":{"line":3,"column":25},"end":{"line":3,"column":44}},"3":{"start":{"line":5,"column":0},"end":{"line":5,"column":33}},"4":{"start":{"line":13,"column":0},"end":{"line":22,"column":3}},"5":{"start":{"line":14,"column":2},"end":{"line":21,"column":3}},"6":{"start":{"line":15,"column":22},"end":{"line":15,"column":52}},"7":{"start":{"line":16,"column":21},"end":{"line":16,"column":42}},"8":{"start":{"line":17,"column":23},"end":{"line":17,"column":68}},"9":{"start":{"line":18,"column":4},"end":{"line":18,"column":25}},"10":{"start":{"line":20,"column":4},"end":{"line":20,"column":51}},"11":{"start":{"line":26,"column":29},"end":{"line":26,"column":65}},"12":{"start":{"line":27,"column":27},"end":{"line":27,"column":61}},"13":{"start":{"line":29,"column":2},"end":{"line":40,"column":212}},"14":{"start":{"line":45,"column":29},"end":{"line":45,"column":65}},"15":{"start":{"line":46,"column":27},"end":{"line":46,"column":61}},"16":{"start":{"line":48,"column":2},"end":{"line":59,"column":116}},"17":{"start":{"line":64,"column":2},"end":{"line":68,"column":115}},"18":{"start":{"line":73,"column":27},"end":{"line":73,"column":29}},"19":{"start":{"line":75,"column":24},"end":{"line":75,"column":97}},"20":{"start":{"line":76,"column":29},"end":{"line":76,"column":107}},"21":{"start":{"line":77,"column":25},"end":{"line":77,"column":99}},"22":{"start":{"line":79,"column":2},"end":{"line":79,"column":62}},"23":{"start":{"line":80,"column":2},"end":{"line":80,"column":72}},"24":{"start":{"line":81,"column":2},"end":{"line":81,"column":64}},"25":{"start":{"line":83,"column":25},"end":{"line":83,"column":101}},"26":{"start":{"line":84,"column":31},"end":{"line":84,"column":121}},"27":{"start":{"line":85,"column":25},"end":{"line":85,"column":101}},"28":{"start":{"line":86,"column":28},"end":{"line":86,"column":116}},"29":{"start":{"line":87,"column":29},"end":{"line":87,"column":109}},"30":{"start":{"line":89,"column":2},"end":{"line":89,"column":66}},"31":{"start":{"line":90,"column":2},"end":{"line":90,"column":78}},"32":{"start":{"line":91,"column":2},"end":{"line":91,"column":66}},"33":{"start":{"line":92,"column":2},"end":{"line":92,"column":72}},"34":{"start":{"line":93,"column":2},"end":{"line":93,"column":74}},"35":{"start":{"line":95,"column":18},"end":{"line":95,"column":84}},"36":{"start":{"line":96,"column":2},"end":{"line":96,"column":52}},"37":{"start":{"line":98,"column":2},"end":{"line":98,"column":26}},"38":{"start":{"line":103,"column":21},"end":{"line":103,"column":23}},"39":{"start":{"line":104,"column":16},"end":{"line":104,"column":26}},"40":{"start":{"line":106,"column":2},"end":{"line":125,"column":3}},"41":{"start":{"line":107,"column":4},"end":{"line":112,"column":5}},"42":{"start":{"line":107,"column":17},"end":{"line":107,"column":18}},"43":{"start":{"line":108,"column":29},"end":{"line":108,"column":64}},"44":{"start":{"line":109,"column":27},"end":{"line":109,"column":66}},"45":{"start":{"line":110,"column":31},"end":{"line":110,"column":92}},"46":{"start":{"line":111,"column":6},"end":{"line":111,"column":40}},"47":{"start":{"line":113,"column":9},"end":{"line":125,"column":3}},"48":{"start":{"line":114,"column":4},"end":{"line":119,"column":5}},"49":{"start":{"line":114,"column":17},"end":{"line":114,"column":18}},"50":{"start":{"line":115,"column":31},"end":{"line":115,"column":70}},"51":{"start":{"line":116,"column":29},"end":{"line":116,"column":70}},"52":{"start":{"line":117,"column":31},"end":{"line":117,"column":96}},"53":{"start":{"line":118,"column":6},"end":{"line":118,"column":40}},"54":{"start":{"line":120,"column":9},"end":{"line":125,"column":3}},"55":{"start":{"line":121,"column":28},"end":{"line":121,"column":63}},"56":{"start":{"line":122,"column":26},"end":{"line":122,"column":63}},"57":{"start":{"line":123,"column":31},"end":{"line":123,"column":90}},"58":{"start":{"line":124,"column":6},"end":{"line":124,"column":40}},"59":{"start":{"line":126,"column":2},"end":{"line":126,"column":20}},"60":{"start":{"line":129,"column":0},"end":{"line":129,"column":30}}},"fnMap":{"0":{"name":"(anonymous_0)","decl":{"start":{"line":13,"column":32},"end":{"line":13,"column":33}},"loc":{"start":{"line":13,"column":52},"end":{"line":22,"column":1}},"line":13},"1":{"name":"getIncomeQuery","decl":{"start":{"line":25,"column":9},"end":{"line":25,"column":23}},"loc":{"start":{"line":25,"column":68},"end":{"line":41,"column":1}},"line":25},"2":{"name":"getCreditsQuery","decl":{"start":{"line":44,"column":9},"end":{"line":44,"column":24}},"loc":{"start":{"line":44,"column":56},"end":{"line":60,"column":1}},"line":44},"3":{"name":"getExpensesQuery","decl":{"start":{"line":63,"column":9},"end":{"line":63,"column":25}},"loc":{"start":{"line":63,"column":63},"end":{"line":69,"column":1}},"line":63},"4":{"name":"performQueries","decl":{"start":{"line":72,"column":15},"end":{"line":72,"column":29}},"loc":{"start":{"line":72,"column":60},"end":{"line":99,"column":1}},"line":72},"5":{"name":"generateReportData","decl":{"start":{"line":102,"column":15},"end":{"line":102,"column":33}},"loc":{"start":{"line":102,"column":55},"end":{"line":127,"column":1}},"line":102}},"branchMap":{"0":{"loc":{"start":{"line":79,"column":33},"end":{"line":79,"column":61}},"type":"binary-expr","locations":[{"start":{"line":79,"column":33},"end":{"line":79,"column":56}},{"start":{"line":79,"column":60},"end":{"line":79,"column":61}}],"line":79},"1":{"loc":{"start":{"line":80,"column":38},"end":{"line":80,"column":71}},"type":"binary-expr","locations":[{"start":{"line":80,"column":38},"end":{"line":80,"column":66}},{"start":{"line":80,"column":70},"end":{"line":80,"column":71}}],"line":80},"2":{"loc":{"start":{"line":81,"column":34},"end":{"line":81,"column":63}},"type":"binary-expr","locations":[{"start":{"line":81,"column":34},"end":{"line":81,"column":58}},{"start":{"line":81,"column":62},"end":{"line":81,"column":63}}],"line":81},"3":{"loc":{"start":{"line":89,"column":36},"end":{"line":89,"column":65}},"type":"binary-expr","locations":[{"start":{"line":89,"column":36},"end":{"line":89,"column":60}},{"start":{"line":89,"column":64},"end":{"line":89,"column":65}}],"line":89},"4":{"loc":{"start":{"line":90,"column":42},"end":{"line":90,"column":77}},"type":"binary-expr","locations":[{"start":{"line":90,"column":42},"end":{"line":90,"column":72}},{"start":{"line":90,"column":76},"end":{"line":90,"column":77}}],"line":90},"5":{"loc":{"start":{"line":91,"column":36},"end":{"line":91,"column":65}},"type":"binary-expr","locations":[{"start":{"line":91,"column":36},"end":{"line":91,"column":60}},{"start":{"line":91,"column":64},"end":{"line":91,"column":65}}],"line":91},"6":{"loc":{"start":{"line":92,"column":39},"end":{"line":92,"column":71}},"type":"binary-expr","locations":[{"start":{"line":92,"column":39},"end":{"line":92,"column":66}},{"start":{"line":92,"column":70},"end":{"line":92,"column":71}}],"line":92},"7":{"loc":{"start":{"line":93,"column":40},"end":{"line":93,"column":73}},"type":"binary-expr","locations":[{"start":{"line":93,"column":40},"end":{"line":93,"column":68}},{"start":{"line":93,"column":72},"end":{"line":93,"column":73}}],"line":93},"8":{"loc":{"start":{"line":96,"column":29},"end":{"line":96,"column":51}},"type":"binary-expr","locations":[{"start":{"line":96,"column":29},"end":{"line":96,"column":46}},{"start":{"line":96,"column":50},"end":{"line":96,"column":51}}],"line":96},"9":{"loc":{"start":{"line":106,"column":2},"end":{"line":125,"column":3}},"type":"if","locations":[{"start":{"line":106,"column":2},"end":{"line":125,"column":3}},{"start":{"line":113,"column":9},"end":{"line":125,"column":3}}],"line":106},"10":{"loc":{"start":{"line":113,"column":9},"end":{"line":125,"column":3}},"type":"if","locations":[{"start":{"line":113,"column":9},"end":{"line":125,"column":3}},{"start":{"line":120,"column":9},"end":{"line":125,"column":3}}],"line":113},"11":{"loc":{"start":{"line":120,"column":9},"end":{"line":125,"column":3}},"type":"if","locations":[{"start":{"line":120,"column":9},"end":{"line":125,"column":3}},{"start":{},"end":{}}],"line":120}},"s":{"0":1,"1":1,"2":1,"3":1,"4":1,"5":3,"6":3,"7":3,"8":3,"9":0,"10":3,"11":9,"12":9,"13":9,"14":0,"15":0,"16":0,"17":0,"18":3,"19":3,"20":3,"21":3,"22":3,"23":3,"24":0,"25":0,"26":0,"27":0,"28":0,"29":0,"30":0,"31":0,"32":0,"33":0,"34":0,"35":0,"36":0,"37":0,"38":3,"39":3,"40":3,"41":1,"42":1,"43":1,"44":1,"45":1,"46":0,"47":2,"48":1,"49":1,"50":1,"51":1,"52":1,"53":0,"54":1,"55":1,"56":1,"57":1,"58":0,"59":0,"60":1},"f":{"0":3,"1":9,"2":0,"3":0,"4":3,"5":3},"b":{"0":[3,3],"1":[3,0],"2":[0,0],"3":[0,0],"4":[0,0],"5":[0,0],"6":[0,0],"7":[0,0],"8":[0,0],"9":[1,2],"10":[1,1],"11":[1,0]},"_coverageSchema":"1a1c01bbd47fc00a2c39e90264f33305004495a9","hash":"b61e6d0224073b61c6d05df7e5b80eadbdea5994"}
,"/Users/raymondiacobacci/glonet-original/TheDebtCollectorsRepository/Backend/src/manager/tenants.js": {"path":"/Users/raymondiacobacci/glonet-original/TheDebtCollectorsRepository/Backend/src/manager/tenants.js","statementMap":{"0":{"start":{"line":1,"column":16},"end":{"line":1,"column":34}},"1":{"start":{"line":2,"column":22},"end":{"line":2,"column":38}},"2":{"start":{"line":3,"column":25},"end":{"line":3,"column":44}},"3":{"start":{"line":5,"column":0},"end":{"line":5,"column":34}},"4":{"start":{"line":12,"column":0},"end":{"line":48,"column":3}},"5":{"start":{"line":13,"column":2},"end":{"line":47,"column":3}},"6":{"start":{"line":14,"column":22},"end":{"line":14,"column":40}},"7":{"start":{"line":15,"column":21},"end":{"line":15,"column":38}},"8":{"start":{"line":16,"column":18},"end":{"line":16,"column":32}},"9":{"start":{"line":17,"column":20},"end":{"line":17,"column":36}},"10":{"start":{"line":18,"column":24},"end":{"line":18,"column":44}},"11":{"start":{"line":19,"column":28},"end":{"line":19,"column":53}},"12":{"start":{"line":20,"column":22},"end":{"line":20,"column":45}},"13":{"start":{"line":21,"column":26},"end":{"line":21,"column":126}},"14":{"start":{"line":22,"column":18},"end":{"line":22,"column":136}},"15":{"start":{"line":23,"column":19},"end":{"line":31,"column":5}},"16":{"start":{"line":32,"column":4},"end":{"line":32,"column":38}},"17":{"start":{"line":34,"column":20},"end":{"line":35,"column":92}},"18":{"start":{"line":37,"column":4},"end":{"line":43,"column":9}},"19":{"start":{"line":39,"column":8},"end":{"line":39,"column":45}},"20":{"start":{"line":42,"column":8},"end":{"line":42,"column":41}},"21":{"start":{"line":46,"column":4},"end":{"line":46,"column":51}},"22":{"start":{"line":55,"column":0},"end":{"line":73,"column":3}},"23":{"start":{"line":56,"column":2},"end":{"line":72,"column":3}},"24":{"start":{"line":57,"column":22},"end":{"line":57,"column":45}},"25":{"start":{"line":58,"column":24},"end":{"line":61,"column":5}},"26":{"start":{"line":62,"column":26},"end":{"line":68,"column":7}},"27":{"start":{"line":62,"column":52},"end":{"line":68,"column":5}},"28":{"start":{"line":69,"column":4},"end":{"line":69,"column":28}},"29":{"start":{"line":71,"column":4},"end":{"line":71,"column":51}},"30":{"start":{"line":75,"column":0},"end":{"line":75,"column":31}}},"fnMap":{"0":{"name":"(anonymous_0)","decl":{"start":{"line":12,"column":37},"end":{"line":12,"column":38}},"loc":{"start":{"line":12,"column":57},"end":{"line":48,"column":1}},"line":12},"1":{"name":"(anonymous_1)","decl":{"start":{"line":38,"column":12},"end":{"line":38,"column":13}},"loc":{"start":{"line":38,"column":20},"end":{"line":40,"column":7}},"line":38},"2":{"name":"(anonymous_2)","decl":{"start":{"line":41,"column":13},"end":{"line":41,"column":14}},"loc":{"start":{"line":41,"column":22},"end":{"line":43,"column":7}},"line":41},"3":{"name":"(anonymous_3)","decl":{"start":{"line":55,"column":34},"end":{"line":55,"column":35}},"loc":{"start":{"line":55,"column":54},"end":{"line":73,"column":1}},"line":55},"4":{"name":"(anonymous_4)","decl":{"start":{"line":62,"column":42},"end":{"line":62,"column":43}},"loc":{"start":{"line":62,"column":52},"end":{"line":68,"column":5}},"line":62}},"branchMap":{},"s":{"0":1,"1":1,"2":1,"3":1,"4":1,"5":1,"6":1,"7":1,"8":1,"9":1,"10":1,"11":1,"12":1,"13":1,"14":1,"15":1,"16":1,"17":1,"18":1,"19":0,"20":0,"21":1,"22":1,"23":1,"24":1,"25":1,"26":1,"27":2,"28":1,"29":0,"30":1},"f":{"0":1,"1":0,"2":0,"3":1,"4":2},"b":{},"_coverageSchema":"1a1c01bbd47fc00a2c39e90264f33305004495a9","hash":"f31bc7939ef1a1cc1382dfe7a0327d09359c027b"}
,"/Users/raymondiacobacci/glonet-original/TheDebtCollectorsRepository/Backend/src/manager/transactions.js": {"path":"/Users/raymondiacobacci/glonet-original/TheDebtCollectorsRepository/Backend/src/manager/transactions.js","statementMap":{"0":{"start":{"line":1,"column":16},"end":{"line":1,"column":34}},"1":{"start":{"line":2,"column":27},"end":{"line":2,"column":43}},"2":{"start":{"line":3,"column":60},"end":{"line":3,"column":79}},"3":{"start":{"line":5,"column":0},"end":{"line":5,"column":39}},"4":{"start":{"line":7,"column":15},"end":{"line":7,"column":23}},"5":{"start":{"line":8,"column":16},"end":{"line":8,"column":25}},"6":{"start":{"line":9,"column":15},"end":{"line":9,"column":23}},"7":{"start":{"line":13,"column":18},"end":{"line":13,"column":19}},"8":{"start":{"line":14,"column":23},"end":{"line":14,"column":24}},"9":{"start":{"line":15,"column":2},"end":{"line":25,"column":3}},"10":{"start":{"line":16,"column":27},"end":{"line":16,"column":185}},"11":{"start":{"line":17,"column":6},"end":{"line":19,"column":7}},"12":{"start":{"line":18,"column":10},"end":{"line":18,"column":16}},"13":{"start":{"line":20,"column":6},"end":{"line":20,"column":47}},"14":{"start":{"line":21,"column":6},"end":{"line":21,"column":70}},"15":{"start":{"line":22,"column":6},"end":{"line":22,"column":34}},"16":{"start":{"line":23,"column":6},"end":{"line":23,"column":31}},"17":{"start":{"line":24,"column":6},"end":{"line":24,"column":109}},"18":{"start":{"line":29,"column":2},"end":{"line":40,"column":3}},"19":{"start":{"line":30,"column":25},"end":{"line":30,"column":177}},"20":{"start":{"line":32,"column":4},"end":{"line":34,"column":5}},"21":{"start":{"line":33,"column":6},"end":{"line":33,"column":12}},"22":{"start":{"line":36,"column":21},"end":{"line":36,"column":90}},"23":{"start":{"line":37,"column":4},"end":{"line":37,"column":25}},"24":{"start":{"line":38,"column":20},"end":{"line":38,"column":59}},"25":{"start":{"line":39,"column":4},"end":{"line":39,"column":107}},"26":{"start":{"line":48,"column":0},"end":{"line":67,"column":3}},"27":{"start":{"line":49,"column":2},"end":{"line":66,"column":3}},"28":{"start":{"line":50,"column":21},"end":{"line":50,"column":38}},"29":{"start":{"line":51,"column":24},"end":{"line":51,"column":44}},"30":{"start":{"line":52,"column":19},"end":{"line":52,"column":34}},"31":{"start":{"line":53,"column":24},"end":{"line":53,"column":33}},"32":{"start":{"line":54,"column":18},"end":{"line":54,"column":44}},"33":{"start":{"line":55,"column":15},"end":{"line":55,"column":22}},"34":{"start":{"line":56,"column":4},"end":{"line":56,"column":39}},"35":{"start":{"line":58,"column":18},"end":{"line":58,"column":140}},"36":{"start":{"line":59,"column":19},"end":{"line":59,"column":108}},"37":{"start":{"line":61,"column":4},"end":{"line":61,"column":38}},"38":{"start":{"line":62,"column":4},"end":{"line":62,"column":35}},"39":{"start":{"line":63,"column":4},"end":{"line":63,"column":26}},"40":{"start":{"line":65,"column":6},"end":{"line":65,"column":53}},"41":{"start":{"line":74,"column":0},"end":{"line":83,"column":3}},"42":{"start":{"line":75,"column":0},"end":{"line":82,"column":1}},"43":{"start":{"line":76,"column":20},"end":{"line":76,"column":43}},"44":{"start":{"line":77,"column":16},"end":{"line":77,"column":69}},"45":{"start":{"line":78,"column":2},"end":{"line":78,"column":28}},"46":{"start":{"line":79,"column":2},"end":{"line":79,"column":22}},"47":{"start":{"line":81,"column":2},"end":{"line":81,"column":49}},"48":{"start":{"line":90,"column":0},"end":{"line":109,"column":5}},"49":{"start":{"line":91,"column":2},"end":{"line":108,"column":5}},"50":{"start":{"line":92,"column":21},"end":{"line":92,"column":38}},"51":{"start":{"line":93,"column":24},"end":{"line":93,"column":44}},"52":{"start":{"line":94,"column":19},"end":{"line":94,"column":34}},"53":{"start":{"line":95,"column":24},"end":{"line":95,"column":33}},"54":{"start":{"line":97,"column":18},"end":{"line":97,"column":44}},"55":{"start":{"line":98,"column":4},"end":{"line":98,"column":39}},"56":{"start":{"line":100,"column":4},"end":{"line":100,"column":36}},"57":{"start":{"line":101,"column":18},"end":{"line":101,"column":140}},"58":{"start":{"line":102,"column":19},"end":{"line":102,"column":103}},"59":{"start":{"line":103,"column":4},"end":{"line":103,"column":38}},"60":{"start":{"line":105,"column":4},"end":{"line":105,"column":18}},"61":{"start":{"line":107,"column":6},"end":{"line":107,"column":45}},"62":{"start":{"line":111,"column":0},"end":{"line":123,"column":3}},"63":{"start":{"line":112,"column":2},"end":{"line":122,"column":3}},"64":{"start":{"line":113,"column":19},"end":{"line":113,"column":34}},"65":{"start":{"line":114,"column":15},"end":{"line":114,"column":26}},"66":{"start":{"line":115,"column":21},"end":{"line":115,"column":43}},"67":{"start":{"line":117,"column":4},"end":{"line":117,"column":68}},"68":{"start":{"line":118,"column":4},"end":{"line":118,"column":42}},"69":{"start":{"line":119,"column":4},"end":{"line":119,"column":24}},"70":{"start":{"line":121,"column":4},"end":{"line":121,"column":51}},"71":{"start":{"line":125,"column":17},"end":{"line":125,"column":25}},"72":{"start":{"line":126,"column":0},"end":{"line":126,"column":39}},"73":{"start":{"line":129,"column":2},"end":{"line":131,"column":3}},"74":{"start":{"line":130,"column":6},"end":{"line":130,"column":25}},"75":{"start":{"line":135,"column":27},"end":{"line":135,"column":94}},"76":{"start":{"line":136,"column":4},"end":{"line":146,"column":5}},"77":{"start":{"line":137,"column":42},"end":{"line":137,"column":49}},"78":{"start":{"line":138,"column":21},"end":{"line":138,"column":30}},"79":{"start":{"line":140,"column":22},"end":{"line":140,"column":78}},"80":{"start":{"line":141,"column":8},"end":{"line":141,"column":35}},"81":{"start":{"line":143,"column":22},"end":{"line":143,"column":144}},"82":{"start":{"line":144,"column":23},"end":{"line":144,"column":80}},"83":{"start":{"line":145,"column":8},"end":{"line":145,"column":42}},"84":{"start":{"line":149,"column":0},"end":{"line":149,"column":44}},"85":{"start":{"line":152,"column":15},"end":{"line":152,"column":25}},"86":{"start":{"line":153,"column":2},"end":{"line":153,"column":42}},"87":{"start":{"line":157,"column":32},"end":{"line":157,"column":217}},"88":{"start":{"line":159,"column":2},"end":{"line":174,"column":3}},"89":{"start":{"line":162,"column":18},"end":{"line":162,"column":96}},"90":{"start":{"line":163,"column":4},"end":{"line":163,"column":27}},"91":{"start":{"line":165,"column":17},"end":{"line":165,"column":43}},"92":{"start":{"line":166,"column":18},"end":{"line":166,"column":47}},"93":{"start":{"line":167,"column":21},"end":{"line":167,"column":29}},"94":{"start":{"line":168,"column":22},"end":{"line":168,"column":101}},"95":{"start":{"line":170,"column":18},"end":{"line":170,"column":145}},"96":{"start":{"line":171,"column":19},"end":{"line":171,"column":175}},"97":{"start":{"line":172,"column":4},"end":{"line":172,"column":38}},"98":{"start":{"line":177,"column":0},"end":{"line":177,"column":36}}},"fnMap":{"0":{"name":"updatePayment","decl":{"start":{"line":12,"column":15},"end":{"line":12,"column":28}},"loc":{"start":{"line":12,"column":46},"end":{"line":26,"column":1}},"line":12},"1":{"name":"updateDeletePayment","decl":{"start":{"line":28,"column":15},"end":{"line":28,"column":34}},"loc":{"start":{"line":28,"column":52},"end":{"line":41,"column":1}},"line":28},"2":{"name":"(anonymous_2)","decl":{"start":{"line":48,"column":42},"end":{"line":48,"column":43}},"loc":{"start":{"line":48,"column":62},"end":{"line":67,"column":1}},"line":48},"3":{"name":"(anonymous_3)","decl":{"start":{"line":74,"column":42},"end":{"line":74,"column":43}},"loc":{"start":{"line":74,"column":62},"end":{"line":83,"column":1}},"line":74},"4":{"name":"(anonymous_4)","decl":{"start":{"line":90,"column":42},"end":{"line":90,"column":43}},"loc":{"start":{"line":90,"column":60},"end":{"line":109,"column":3}},"line":90},"5":{"name":"(anonymous_5)","decl":{"start":{"line":111,"column":43},"end":{"line":111,"column":44}},"loc":{"start":{"line":111,"column":62},"end":{"line":123,"column":1}},"line":111},"6":{"name":"checkAndRunTask","decl":{"start":{"line":128,"column":9},"end":{"line":128,"column":24}},"loc":{"start":{"line":128,"column":27},"end":{"line":132,"column":1}},"line":128},"7":{"name":"fillRentPayments","decl":{"start":{"line":134,"column":15},"end":{"line":134,"column":31}},"loc":{"start":{"line":134,"column":33},"end":{"line":147,"column":1}},"line":134},"8":{"name":"getAbbrDate","decl":{"start":{"line":151,"column":9},"end":{"line":151,"column":20}},"loc":{"start":{"line":151,"column":23},"end":{"line":154,"column":1}},"line":151},"9":{"name":"crawlForLatePayments","decl":{"start":{"line":156,"column":15},"end":{"line":156,"column":35}},"loc":{"start":{"line":156,"column":38},"end":{"line":175,"column":1}},"line":156}},"branchMap":{"0":{"loc":{"start":{"line":17,"column":6},"end":{"line":19,"column":7}},"type":"if","locations":[{"start":{"line":17,"column":6},"end":{"line":19,"column":7}},{"start":{},"end":{}}],"line":17},"1":{"loc":{"start":{"line":32,"column":4},"end":{"line":34,"column":5}},"type":"if","locations":[{"start":{"line":32,"column":4},"end":{"line":34,"column":5}},{"start":{},"end":{}}],"line":32},"2":{"loc":{"start":{"line":129,"column":2},"end":{"line":131,"column":3}},"type":"if","locations":[{"start":{"line":129,"column":2},"end":{"line":131,"column":3}},{"start":{},"end":{}}],"line":129}},"s":{"0":1,"1":1,"2":1,"3":1,"4":1,"5":1,"6":1,"7":1,"8":1,"9":1,"10":1,"11":1,"12":0,"13":0,"14":0,"15":0,"16":0,"17":0,"18":0,"19":0,"20":0,"21":0,"22":0,"23":0,"24":0,"25":0,"26":1,"27":0,"28":0,"29":0,"30":0,"31":0,"32":0,"33":0,"34":0,"35":0,"36":0,"37":0,"38":0,"39":0,"40":0,"41":1,"42":0,"43":0,"44":0,"45":0,"46":0,"47":0,"48":1,"49":1,"50":1,"51":1,"52":1,"53":1,"54":1,"55":1,"56":1,"57":1,"58":1,"59":1,"60":1,"61":0,"62":1,"63":0,"64":0,"65":0,"66":0,"67":0,"68":0,"69":0,"70":0,"71":1,"72":1,"73":0,"74":0,"75":0,"76":0,"77":0,"78":0,"79":0,"80":0,"81":0,"82":0,"83":0,"84":1,"85":0,"86":0,"87":0,"88":0,"89":0,"90":0,"91":0,"92":0,"93":0,"94":0,"95":0,"96":0,"97":0,"98":1},"f":{"0":1,"1":0,"2":0,"3":0,"4":1,"5":0,"6":0,"7":0,"8":0,"9":0},"b":{"0":[0,0],"1":[0,0],"2":[0,0]},"_coverageSchema":"1a1c01bbd47fc00a2c39e90264f33305004495a9","hash":"1eda3b345da17c1d522fb66fc6668bae37712aac"}
}
