TN:
SF:src/utils.js
FN:14,(anonymous_0)
FN:15,(anonymous_1)
FN:16,(anonymous_2)
FN:21,(anonymous_3)
FN:33,(anonymous_4)
FN:40,sendEmail
FN:54,getDate
FN:59,getUserType
FN:71,getBalance
FNF:9
FNH:0
FNDA:0,(anonymous_0)
FNDA:0,(anonymous_1)
FNDA:0,(anonymous_2)
FNDA:0,(anonymous_3)
FNDA:0,(anonymous_4)
FNDA:0,sendEmail
FNDA:0,getDate
FNDA:0,getUserType
FNDA:0,getBalance
DA:1,1
DA:2,1
DA:3,1
DA:5,1
DA:14,1
DA:15,0
DA:16,0
DA:17,0
DA:18,0
DA:19,0
DA:21,0
DA:22,0
DA:23,0
DA:24,0
DA:25,0
DA:27,0
DA:33,1
DA:34,0
DA:35,0
DA:37,0
DA:41,0
DA:42,0
DA:43,0
DA:48,0
DA:50,0
DA:55,0
DA:56,0
DA:60,0
DA:61,0
DA:62,0
DA:64,0
DA:65,0
DA:66,0
DA:68,0
DA:72,0
DA:73,0
DA:74,0
DA:76,0
DA:77,0
DA:80,1
LF:40
LH:7
BRDA:14,0,0,0
BRDA:17,1,0,0
BRDA:17,1,1,0
BRDA:23,2,0,0
BRDA:23,2,1,0
BRDA:34,3,0,0
BRDA:34,3,1,0
BRDA:61,4,0,0
BRDA:61,4,1,0
BRDA:65,5,0,0
BRDA:65,5,1,0
BRDA:76,6,0,0
BRDA:76,6,1,0
BRDA:76,7,0,0
BRDA:76,7,1,0
BRDA:76,8,0,0
BRDA:76,8,1,0
BRF:17
BRH:0
end_of_record
TN:
SF:src/manager/announcements.js
FN:12,(anonymous_0)
FN:28,(anonymous_1)
FN:48,(anonymous_2)
FNF:3
FNH:3
FNDA:2,(anonymous_0)
FNDA:1,(anonymous_1)
FNDA:1,(anonymous_2)
DA:1,2
DA:2,2
DA:3,2
DA:5,2
DA:12,2
DA:13,2
DA:14,2
DA:15,2
DA:16,2
DA:17,2
DA:19,0
DA:28,2
DA:29,1
DA:30,1
DA:31,1
DA:32,1
DA:33,1
DA:34,1
DA:35,1
DA:36,1
DA:37,1
DA:39,0
DA:48,2
DA:49,1
DA:50,1
DA:51,1
DA:52,1
DA:53,1
DA:55,0
DA:59,2
LF:30
LH:27
BRF:0
BRH:0
end_of_record
TN:
SF:src/manager/dashboard.js
FN:16,(anonymous_0)
FN:32,(anonymous_1)
FN:48,(anonymous_2)
FN:80,(anonymous_3)
FN:100,(anonymous_4)
FN:106,(anonymous_5)
FN:130,(anonymous_6)
FNF:7
FNH:7
FNDA:1,(anonymous_0)
FNDA:1,(anonymous_1)
FNDA:1,(anonymous_2)
FNDA:1,(anonymous_3)
FNDA:1,(anonymous_4)
FNDA:2,(anonymous_5)
FNDA:1,(anonymous_6)
DA:1,1
DA:2,1
DA:3,1
DA:5,1
DA:7,1
DA:8,1
DA:9,1
DA:16,1
DA:17,1
DA:18,1
DA:19,1
DA:20,1
DA:21,1
DA:23,0
DA:32,1
DA:33,1
DA:34,1
DA:35,1
DA:36,1
DA:37,1
DA:39,0
DA:48,1
DA:49,1
DA:50,1
DA:51,1
DA:52,1
DA:53,1
DA:54,1
DA:56,1
DA:68,1
DA:69,1
DA:71,0
DA:80,1
DA:81,1
DA:82,1
DA:83,1
DA:84,1
DA:85,1
DA:87,1
DA:88,1
DA:91,0
DA:100,1
DA:101,1
DA:102,1
DA:103,1
DA:106,2
DA:111,1
DA:112,1
DA:113,2
DA:114,2
DA:115,2
DA:116,2
DA:117,2
DA:118,2
DA:120,2
DA:121,2
DA:122,2
DA:130,1
DA:131,1
DA:133,0
DA:137,1
LF:61
LH:56
BRDA:87,0,0,1
BRDA:87,0,1,0
BRDA:87,1,0,1
BRDA:87,1,1,0
BRDA:87,2,0,1
BRDA:87,2,1,0
BRDA:120,3,0,2
BRDA:120,3,1,0
BRDA:120,4,0,2
BRDA:120,4,1,0
BRDA:120,5,0,2
BRDA:120,5,1,0
BRDA:121,6,0,2
BRDA:121,6,1,0
BRF:14
BRH:7
end_of_record
TN:
SF:src/manager/expenses.js
FN:13,(anonymous_0)
FN:40,(anonymous_1)
FN:65,(anonymous_2)
FNF:3
FNH:3
FNDA:1,(anonymous_0)
FNDA:1,(anonymous_1)
FNDA:1,(anonymous_2)
DA:1,1
DA:2,1
DA:3,1
DA:5,1
DA:13,1
DA:14,1
DA:15,1
DA:16,1
DA:17,1
DA:18,0
DA:19,0
DA:22,1
DA:23,2
DA:25,2
DA:26,1
DA:29,1
DA:31,0
DA:40,1
DA:41,1
DA:42,1
DA:43,1
DA:44,1
DA:45,1
DA:46,1
DA:47,1
DA:48,1
DA:49,1
DA:51,1
DA:52,1
DA:53,1
DA:54,1
DA:56,0
DA:65,1
DA:66,1
DA:67,1
DA:68,1
DA:69,1
DA:70,1
DA:72,0
DA:76,1
LF:40
LH:35
BRDA:17,0,0,0
BRDA:17,0,1,1
BRDA:25,1,0,1
BRDA:25,1,1,1
BRDA:48,2,0,1
BRDA:48,2,1,0
BRF:6
BRH:4
end_of_record
TN:
SF:src/manager/report.js
FN:13,(anonymous_0)
FN:25,getIncomeQuery
FN:44,getCreditsQuery
FN:63,getExpensesQuery
FN:72,performQueries
FN:102,generateReportData
FNF:6
FNH:4
FNDA:3,(anonymous_0)
FNDA:9,getIncomeQuery
FNDA:0,getCreditsQuery
FNDA:0,getExpensesQuery
FNDA:3,performQueries
FNDA:3,generateReportData
DA:1,1
DA:2,1
DA:3,1
DA:5,1
DA:13,1
DA:14,3
DA:15,3
DA:16,3
DA:17,3
DA:18,0
DA:20,3
DA:26,9
DA:27,9
DA:29,9
DA:45,0
DA:46,0
DA:48,0
DA:64,0
DA:73,3
DA:75,3
DA:76,3
DA:77,3
DA:79,3
DA:80,3
DA:81,0
DA:83,0
DA:84,0
DA:85,0
DA:86,0
DA:87,0
DA:89,0
DA:90,0
DA:91,0
DA:92,0
DA:93,0
DA:95,0
DA:96,0
DA:98,0
DA:103,3
DA:104,3
DA:106,3
DA:107,1
DA:108,1
DA:109,1
DA:110,1
DA:111,0
DA:113,2
DA:114,1
DA:115,1
DA:116,1
DA:117,1
DA:118,0
DA:120,1
DA:121,1
DA:122,1
DA:123,1
DA:124,0
DA:126,0
DA:129,1
LF:59
LH:36
BRDA:79,0,0,3
BRDA:79,0,1,3
BRDA:80,1,0,3
BRDA:80,1,1,0
BRDA:81,2,0,0
BRDA:81,2,1,0
BRDA:89,3,0,0
BRDA:89,3,1,0
BRDA:90,4,0,0
BRDA:90,4,1,0
BRDA:91,5,0,0
BRDA:91,5,1,0
BRDA:92,6,0,0
BRDA:92,6,1,0
BRDA:93,7,0,0
BRDA:93,7,1,0
BRDA:96,8,0,0
BRDA:96,8,1,0
BRDA:106,9,0,1
BRDA:106,9,1,2
BRDA:113,10,0,1
BRDA:113,10,1,1
BRDA:120,11,0,1
BRDA:120,11,1,0
BRF:24
BRH:8
end_of_record
TN:
SF:src/manager/tenants.js
FN:12,(anonymous_0)
FN:38,(anonymous_1)
FN:41,(anonymous_2)
FN:55,(anonymous_3)
FN:62,(anonymous_4)
FNF:5
FNH:3
FNDA:1,(anonymous_0)
FNDA:0,(anonymous_1)
FNDA:0,(anonymous_2)
FNDA:1,(anonymous_3)
FNDA:2,(anonymous_4)
DA:1,1
DA:2,1
DA:3,1
DA:5,1
DA:12,1
DA:13,1
DA:14,1
DA:15,1
DA:16,1
DA:17,1
DA:18,1
DA:19,1
DA:20,1
DA:21,1
DA:22,1
DA:23,1
DA:32,1
DA:34,1
DA:37,1
DA:39,0
DA:42,0
DA:46,1
DA:55,1
DA:56,1
DA:57,1
DA:58,1
DA:62,2
DA:69,1
DA:71,0
DA:75,1
LF:30
LH:27
BRF:0
BRH:0
end_of_record
TN:
SF:src/manager/transactions.js
FN:12,updatePayment
FN:28,updateDeletePayment
FN:48,(anonymous_2)
FN:74,(anonymous_3)
FN:90,(anonymous_4)
FN:111,(anonymous_5)
FN:128,checkAndRunTask
FN:134,fillRentPayments
FN:151,getAbbrDate
FN:156,crawlForLatePayments
FNF:10
FNH:2
FNDA:1,updatePayment
FNDA:0,updateDeletePayment
FNDA:0,(anonymous_2)
FNDA:0,(anonymous_3)
FNDA:1,(anonymous_4)
FNDA:0,(anonymous_5)
FNDA:0,checkAndRunTask
FNDA:0,fillRentPayments
FNDA:0,getAbbrDate
FNDA:0,crawlForLatePayments
DA:1,1
DA:2,1
DA:3,1
DA:5,1
DA:7,1
DA:8,1
DA:9,1
DA:13,1
DA:14,1
DA:15,1
DA:16,1
DA:17,1
DA:18,0
DA:20,0
DA:21,0
DA:22,0
DA:23,0
DA:24,0
DA:29,0
DA:30,0
DA:32,0
DA:33,0
DA:36,0
DA:37,0
DA:38,0
DA:39,0
DA:48,1
DA:49,0
DA:50,0
DA:51,0
DA:52,0
DA:53,0
DA:54,0
DA:55,0
DA:56,0
DA:58,0
DA:59,0
DA:61,0
DA:62,0
DA:63,0
DA:65,0
DA:74,1
DA:75,0
DA:76,0
DA:77,0
DA:78,0
DA:79,0
DA:81,0
DA:90,1
DA:91,1
DA:92,1
DA:93,1
DA:94,1
DA:95,1
DA:97,1
DA:98,1
DA:100,1
DA:101,1
DA:102,1
DA:103,1
DA:105,1
DA:107,0
DA:111,1
DA:112,0
DA:113,0
DA:114,0
DA:115,0
DA:117,0
DA:118,0
DA:119,0
DA:121,0
DA:125,1
DA:126,1
DA:129,0
DA:130,0
DA:135,0
DA:136,0
DA:137,0
DA:138,0
DA:140,0
DA:141,0
DA:143,0
DA:144,0
DA:145,0
DA:149,1
DA:152,0
DA:153,0
DA:157,0
DA:159,0
DA:162,0
DA:163,0
DA:165,0
DA:166,0
DA:167,0
DA:168,0
DA:170,0
DA:171,0
DA:172,0
DA:177,1
LF:99
LH:32
BRDA:17,0,0,0
BRDA:17,0,1,0
BRDA:32,1,0,0
BRDA:32,1,1,0
BRDA:129,2,0,0
BRDA:129,2,1,0
BRF:6
BRH:0
end_of_record
